TN:
SF:/usr/src/bluefin/src/ast.cpp
FN:5,_ZN7bluefin5TokenC2ENS_9TokenTypeENSt7__cxx1112basic_stringIcSt11char_traitsIcESaIcEEE
FNDA:222,_ZN7bluefin5TokenC2ENS_9TokenTypeENSt7__cxx1112basic_stringIcSt11char_traitsIcESaIcEEE
FN:10,_ZN7bluefin5TokenC2Ev
FNDA:252,_ZN7bluefin5TokenC2Ev
FN:15,_ZNK7bluefin5Token8toStringB5cxx11Ev
FNDA:204,_ZNK7bluefin5Token8toStringB5cxx11Ev
FN:19,_ZNK7bluefin5Token18getTokenTypeStringB5cxx11Ev
FNDA:204,_ZNK7bluefin5Token18getTokenTypeStringB5cxx11Ev
FN:24,_ZN7bluefin3ASTC2Ev
FNDA:6,_ZN7bluefin3ASTC2Ev
FN:26,_ZN7bluefin3ASTC2ENS_5TokenENS_7ASTTypeE
FNDA:132,_ZN7bluefin3ASTC2ENS_5TokenENS_7ASTTypeE
FN:29,_ZNK7bluefin3AST8toStringB5cxx11Ev
FNDA:0,_ZNK7bluefin3AST8toStringB5cxx11Ev
FN:35,_ZN7bluefin7ProgramC2Ev
FNDA:30,_ZN7bluefin7ProgramC2Ev
FN:37,_ZNK7bluefin7Program8toStringB5cxx11Ev
FNDA:0,_ZNK7bluefin7Program8toStringB5cxx11Ev
FN:46,_ZN7bluefin8CompoundC2Ev
FNDA:6,_ZN7bluefin8CompoundC2Ev
FN:48,_ZNK7bluefin8Compound8toStringB5cxx11Ev
FNDA:0,_ZNK7bluefin8Compound8toStringB5cxx11Ev
FN:58,_ZN7bluefin6AssignC2ERNS_3ASTENS_5TokenES2_
FNDA:6,_ZN7bluefin6AssignC2ERNS_3ASTENS_5TokenES2_
FN:61,_ZNK7bluefin6Assign8toStringB5cxx11Ev
FNDA:0,_ZNK7bluefin6Assign8toStringB5cxx11Ev
FN:67,_ZN7bluefin5BinOpC2ERNS_3ASTENS_5TokenES2_
FNDA:3,_ZN7bluefin5BinOpC2ERNS_3ASTENS_5TokenES2_
FN:70,_ZNK7bluefin5BinOp8toStringB5cxx11Ev
FNDA:0,_ZNK7bluefin5BinOp8toStringB5cxx11Ev
FN:76,_ZN7bluefin7UnaryOpC2ERNS_3ASTENS_5TokenE
FNDA:0,_ZN7bluefin7UnaryOpC2ERNS_3ASTENS_5TokenE
FN:79,_ZNK7bluefin7UnaryOp8toStringB5cxx11Ev
FNDA:0,_ZNK7bluefin7UnaryOp8toStringB5cxx11Ev
FN:84,_ZN7bluefin4NoOpC2Ev
FNDA:9,_ZN7bluefin4NoOpC2Ev
FN:87,_ZN7bluefin7VarDeclC2ERNS_3ASTES2_S2_
FNDA:15,_ZN7bluefin7VarDeclC2ERNS_3ASTES2_S2_
FN:90,_ZNK7bluefin7VarDecl8toStringB5cxx11Ev
FNDA:0,_ZNK7bluefin7VarDecl8toStringB5cxx11Ev
FN:96,_ZN7bluefin4TypeC2ENS_5TokenE
FNDA:18,_ZN7bluefin4TypeC2ENS_5TokenE
FN:98,_ZNK7bluefin4Type8toStringB5cxx11Ev
FNDA:0,_ZNK7bluefin4Type8toStringB5cxx11Ev
FN:103,_ZN7bluefin3VarC2ENS_5TokenE
FNDA:30,_ZN7bluefin3VarC2ENS_5TokenE
FN:105,_ZNK7bluefin3Var8toStringB5cxx11Ev
FNDA:0,_ZNK7bluefin3Var8toStringB5cxx11Ev
FN:110,_ZN7bluefin3NumC2ENS_5TokenE
FNDA:15,_ZN7bluefin3NumC2ENS_5TokenE
FN:112,_ZNK7bluefin3Num8toStringB5cxx11Ev
FNDA:0,_ZNK7bluefin3Num8toStringB5cxx11Ev
DA:5,222
DA:6,222
DA:7,222
DA:8,222
DA:10,252
DA:11,252
DA:12,252
DA:13,252
DA:15,204
DA:16,408
DA:19,204
DA:20,408
DA:24,6
DA:26,132
DA:27,132
DA:29,0
DA:30,0
DA:31,0
DA:35,30
DA:37,0
DA:38,0
DA:39,0
DA:40,0
DA:42,0
DA:46,6
DA:48,0
DA:49,0
DA:50,0
DA:51,0
DA:53,0
DA:58,6
DA:59,6
DA:61,0
DA:62,0
DA:63,0
DA:67,3
DA:68,3
DA:70,0
DA:71,0
DA:72,0
DA:76,0
DA:77,0
DA:79,0
DA:80,0
DA:84,9
DA:87,15
DA:88,15
DA:90,0
DA:91,0
DA:92,0
DA:96,18
DA:98,0
DA:99,0
DA:103,30
DA:105,0
DA:106,0
DA:110,15
DA:112,0
DA:113,0
end_of_record
SF:/usr/include/c++/10/bits/basic_string.tcc
FN:206,_ZNSt7__cxx1112basic_stringIcSt11char_traitsIcESaIcEE12_M_constructIPcEEvT_S7_St20forward_iterator_tag
FNDA:0,_ZNSt7__cxx1112basic_stringIcSt11char_traitsIcESaIcEE12_M_constructIPcEEvT_S7_St20forward_iterator_tag
FN:206,_ZNSt7__cxx1112basic_stringIcSt11char_traitsIcESaIcEE12_M_constructIPKcEEvT_S8_St20forward_iterator_tag
FNDA:0,_ZNSt7__cxx1112basic_stringIcSt11char_traitsIcESaIcEE12_M_constructIPKcEEvT_S8_St20forward_iterator_tag
DA:206,0
DA:211,0
DA:212,0
DA:215,0
DA:217,0
DA:219,0
DA:220,0
DA:225,0
DA:226,0
DA:228,0
DA:229,0
DA:232,0
DA:233,0
DA:206,0
DA:211,0
DA:212,0
DA:215,0
DA:217,0
DA:219,0
DA:220,0
DA:225,0
DA:226,0
DA:228,0
DA:229,0
DA:232,0
DA:233,0
end_of_record
SF:/usr/include/c++/10/ext/new_allocator.h
FN:79,_ZN9__gnu_cxx13new_allocatorISt17reference_wrapperIN7bluefin3ASTEEEC2Ev
FNDA:0,_ZN9__gnu_cxx13new_allocatorISt17reference_wrapperIN7bluefin3ASTEEEC2Ev
FN:79,_ZN9__gnu_cxx13new_allocatorIcEC2Ev
FNDA:0,_ZN9__gnu_cxx13new_allocatorIcEC2Ev
FN:82,_ZN9__gnu_cxx13new_allocatorIcEC2ERKS1_
FNDA:0,_ZN9__gnu_cxx13new_allocatorIcEC2ERKS1_
FN:89,_ZN9__gnu_cxx13new_allocatorIcED2Ev
FNDA:0,_ZN9__gnu_cxx13new_allocatorIcED2Ev
DA:79,0
DA:79,0
DA:82,0
DA:89,0
end_of_record
SF:/usr/include/c++/10/bits/move.h
FN:101,_ZSt4moveIRNSt7__cxx1112basic_stringIcSt11char_traitsIcESaIcEEEEONSt16remove_referenceIT_E4typeEOS8_
FNDA:0,_ZSt4moveIRNSt7__cxx1112basic_stringIcSt11char_traitsIcESaIcEEEEONSt16remove_referenceIT_E4typeEOS8_
FN:101,_ZSt4moveIRSaIcEEONSt16remove_referenceIT_E4typeEOS3_
FNDA:0,_ZSt4moveIRSaIcEEONSt16remove_referenceIT_E4typeEOS3_
FN:101,_ZSt4moveIRN7bluefin5TokenEEONSt16remove_referenceIT_E4typeEOS4_
FNDA:132,_ZSt4moveIRN7bluefin5TokenEEONSt16remove_referenceIT_E4typeEOS4_
DA:101,0
DA:102,0
DA:101,0
DA:102,0
DA:101,132
DA:102,132
end_of_record
SF:/usr/include/c++/10/bits/char_traits.h
FN:106,_ZN9__gnu_cxx11char_traitsIcE2eqERKcS3_
FNDA:0,_ZN9__gnu_cxx11char_traitsIcE2eqERKcS3_
FN:167,_ZN9__gnu_cxx11char_traitsIcE6lengthEPKc
FNDA:0,_ZN9__gnu_cxx11char_traitsIcE6lengthEPKc
FN:358,_ZNSt11char_traitsIcE6lengthEPKc
FNDA:0,_ZNSt11char_traitsIcE6lengthEPKc
FN:394,_ZNSt11char_traitsIcE4copyEPcPKcm
FNDA:0,_ZNSt11char_traitsIcE4copyEPcPKcm
DA:106,0
DA:107,0
DA:167,0
DA:170,0
DA:171,0
DA:172,0
DA:173,0
DA:262,0
DA:358,0
DA:361,0
DA:362,0
DA:364,0
DA:394,0
DA:396,0
DA:397,0
DA:402,0
end_of_record
SF:/usr/src/bluefin/include/ast.hpp
end_of_record
SF:/usr/include/c++/10/bits/refwrap.h
FN:332,_ZNKSt17reference_wrapperIN7bluefin3ASTEEcvRS1_Ev
FNDA:0,_ZNKSt17reference_wrapperIN7bluefin3ASTEEcvRS1_Ev
FN:337,_ZNKSt17reference_wrapperIN7bluefin3ASTEE3getEv
FNDA:0,_ZNKSt17reference_wrapperIN7bluefin3ASTEE3getEv
DA:332,0
DA:333,0
DA:337,0
DA:338,0
end_of_record
SF:/usr/include/c++/10/bits/stl_iterator_base_funcs.h
FN:98,_ZSt10__distanceIPcENSt15iterator_traitsIT_E15difference_typeES2_S2_St26random_access_iterator_tag
FNDA:0,_ZSt10__distanceIPcENSt15iterator_traitsIT_E15difference_typeES2_S2_St26random_access_iterator_tag
FN:98,_ZSt10__distanceIPKcENSt15iterator_traitsIT_E15difference_typeES3_S3_St26random_access_iterator_tag
FNDA:0,_ZSt10__distanceIPKcENSt15iterator_traitsIT_E15difference_typeES3_S3_St26random_access_iterator_tag
FN:138,_ZSt8distanceIPcENSt15iterator_traitsIT_E15difference_typeES2_S2_
FNDA:0,_ZSt8distanceIPcENSt15iterator_traitsIT_E15difference_typeES2_S2_
FN:138,_ZSt8distanceIPKcENSt15iterator_traitsIT_E15difference_typeES3_S3_
FNDA:0,_ZSt8distanceIPKcENSt15iterator_traitsIT_E15difference_typeES3_S3_
DA:98,0
DA:104,0
DA:98,0
DA:104,0
DA:138,0
DA:141,0
DA:142,0
DA:138,0
DA:141,0
DA:142,0
end_of_record
SF:/usr/include/c++/10/bits/allocator.h
FN:144,_ZNSaISt17reference_wrapperIN7bluefin3ASTEEEC2Ev
FNDA:0,_ZNSaISt17reference_wrapperIN7bluefin3ASTEEEC2Ev
DA:144,0
end_of_record
SF:/usr/include/c++/10/bits/basic_string.h
FN:243,_ZNSt7__cxx1112basic_stringIcSt11char_traitsIcESaIcEE16_M_construct_auxIPcEEvT_S7_St12__false_type
FNDA:0,_ZNSt7__cxx1112basic_stringIcSt11char_traitsIcESaIcEE16_M_construct_auxIPcEEvT_S7_St12__false_type
FN:243,_ZNSt7__cxx1112basic_stringIcSt11char_traitsIcESaIcEE16_M_construct_auxIPKcEEvT_S8_St12__false_type
FNDA:0,_ZNSt7__cxx1112basic_stringIcSt11char_traitsIcESaIcEE16_M_construct_auxIPKcEEvT_S8_St12__false_type
FN:263,_ZNSt7__cxx1112basic_stringIcSt11char_traitsIcESaIcEE12_M_constructIPcEEvT_S7_
FNDA:0,_ZNSt7__cxx1112basic_stringIcSt11char_traitsIcESaIcEE12_M_constructIPcEEvT_S7_
FN:263,_ZNSt7__cxx1112basic_stringIcSt11char_traitsIcESaIcEE12_M_constructIPKcEEvT_S8_
FNDA:0,_ZNSt7__cxx1112basic_stringIcSt11char_traitsIcESaIcEE12_M_constructIPKcEEvT_S8_
FN:525,_ZNSt7__cxx1112basic_stringIcSt11char_traitsIcESaIcEEC2IS3_EEPKcRKS3_
FNDA:0,_ZNSt7__cxx1112basic_stringIcSt11char_traitsIcESaIcEEC2IS3_EEPKcRKS3_
FN:6097,_ZStplIcSt11char_traitsIcESaIcEENSt7__cxx1112basic_stringIT_T0_T1_EEOS8_RKS8_
FNDA:0,_ZStplIcSt11char_traitsIcESaIcEENSt7__cxx1112basic_stringIT_T0_T1_EEOS8_RKS8_
FN:6109,_ZStplIcSt11char_traitsIcESaIcEENSt7__cxx1112basic_stringIT_T0_T1_EEOS8_S9_
FNDA:0,_ZStplIcSt11char_traitsIcESaIcEENSt7__cxx1112basic_stringIT_T0_T1_EEOS8_S9_
FN:6131,_ZStplIcSt11char_traitsIcESaIcEENSt7__cxx1112basic_stringIT_T0_T1_EEPKS5_OS8_
FNDA:0,_ZStplIcSt11char_traitsIcESaIcEENSt7__cxx1112basic_stringIT_T0_T1_EEPKS5_OS8_
FN:6143,_ZStplIcSt11char_traitsIcESaIcEENSt7__cxx1112basic_stringIT_T0_T1_EEOS8_PKS5_
FNDA:0,_ZStplIcSt11char_traitsIcESaIcEENSt7__cxx1112basic_stringIT_T0_T1_EEOS8_PKS5_
DA:243,0
DA:247,0
DA:248,0
DA:243,0
DA:247,0
DA:248,0
DA:263,0
DA:266,0
DA:267,0
DA:263,0
DA:266,0
DA:267,0
DA:525,204
DA:526,0
DA:527,0
DA:6097,0
DA:6099,0
DA:6109,0
DA:6114,0
DA:6116,0
DA:6119,0
DA:6122,0
DA:6123,0
DA:6124,0
DA:6126,0
DA:6131,0
DA:6133,0
DA:6143,0
DA:6145,0
end_of_record
SF:/usr/include/c++/10/ext/type_traits.h
FN:152,_ZN9__gnu_cxx17__is_null_pointerIcEEbPT_
FNDA:0,_ZN9__gnu_cxx17__is_null_pointerIcEEbPT_
FN:152,_ZN9__gnu_cxx17__is_null_pointerIKcEEbPT_
FNDA:0,_ZN9__gnu_cxx17__is_null_pointerIKcEEbPT_
DA:152,0
DA:153,0
DA:152,0
DA:153,0
end_of_record
SF:/usr/include/c++/10/ext/alloc_traits.h
FN:97,_ZN9__gnu_cxx14__alloc_traitsISaIcEcE17_S_select_on_copyERKS1_
FNDA:0,_ZN9__gnu_cxx14__alloc_traitsISaIcEcE17_S_select_on_copyERKS1_
DA:97,0
DA:98,0
end_of_record
SF:/usr/include/c++/10/bits/stl_iterator_base_types.h
FN:238,_ZSt19__iterator_categoryIPcENSt15iterator_traitsIT_E17iterator_categoryERKS2_
FNDA:0,_ZSt19__iterator_categoryIPcENSt15iterator_traitsIT_E17iterator_categoryERKS2_
FN:238,_ZSt19__iterator_categoryIPKcENSt15iterator_traitsIT_E17iterator_categoryERKS3_
FNDA:0,_ZSt19__iterator_categoryIPKcENSt15iterator_traitsIT_E17iterator_categoryERKS3_
DA:238,0
DA:239,0
DA:238,0
DA:239,0
end_of_record
SF:/usr/include/c++/10/bits/stl_vector.h
FN:97,_ZNSt12_Vector_baseISt17reference_wrapperIN7bluefin3ASTEESaIS3_EE17_Vector_impl_dataC2Ev
FNDA:0,_ZNSt12_Vector_baseISt17reference_wrapperIN7bluefin3ASTEESaIS3_EE17_Vector_impl_dataC2Ev
FN:131,_ZNSt12_Vector_baseISt17reference_wrapperIN7bluefin3ASTEESaIS3_EE12_Vector_implC2Ev
FNDA:36,_ZNSt12_Vector_baseISt17reference_wrapperIN7bluefin3ASTEESaIS3_EE12_Vector_implC2Ev
FN:288,_ZNSt12_Vector_baseISt17reference_wrapperIN7bluefin3ASTEESaIS3_EEC2Ev
FNDA:36,_ZNSt12_Vector_baseISt17reference_wrapperIN7bluefin3ASTEESaIS3_EEC2Ev
FN:487,_ZNSt6vectorISt17reference_wrapperIN7bluefin3ASTEESaIS3_EEC2Ev
FNDA:36,_ZNSt6vectorISt17reference_wrapperIN7bluefin3ASTEESaIS3_EEC2Ev
FN:820,_ZNKSt6vectorISt17reference_wrapperIN7bluefin3ASTEESaIS3_EE5beginEv
FNDA:0,_ZNKSt6vectorISt17reference_wrapperIN7bluefin3ASTEESaIS3_EE5beginEv
FN:838,_ZNKSt6vectorISt17reference_wrapperIN7bluefin3ASTEESaIS3_EE3endEv
FNDA:0,_ZNKSt6vectorISt17reference_wrapperIN7bluefin3ASTEESaIS3_EE3endEv
DA:97,0
DA:98,0
DA:99,0
DA:131,36
DA:133,36
DA:134,36
DA:288,36
DA:487,36
DA:820,0
DA:821,0
DA:838,0
DA:839,0
end_of_record
SF:/usr/include/c++/10/bits/alloc_traits.h
FN:558,_ZNSt16allocator_traitsISaIcEE37select_on_container_copy_constructionERKS0_
FNDA:0,_ZNSt16allocator_traitsISaIcEE37select_on_container_copy_constructionERKS0_
DA:558,0
DA:559,0
end_of_record
SF:/usr/include/c++/10/bits/stl_iterator.h
FN:978,_ZN9__gnu_cxx17__normal_iteratorIPKSt17reference_wrapperIN7bluefin3ASTEESt6vectorIS4_SaIS4_EEEC2ERKS6_
FNDA:0,_ZN9__gnu_cxx17__normal_iteratorIPKSt17reference_wrapperIN7bluefin3ASTEESt6vectorIS4_SaIS4_EEEC2ERKS6_
FN:993,_ZNK9__gnu_cxx17__normal_iteratorIPKSt17reference_wrapperIN7bluefin3ASTEESt6vectorIS4_SaIS4_EEEdeEv
FNDA:0,_ZNK9__gnu_cxx17__normal_iteratorIPKSt17reference_wrapperIN7bluefin3ASTEESt6vectorIS4_SaIS4_EEEdeEv
FN:1003,_ZN9__gnu_cxx17__normal_iteratorIPKSt17reference_wrapperIN7bluefin3ASTEESt6vectorIS4_SaIS4_EEEppEv
FNDA:0,_ZN9__gnu_cxx17__normal_iteratorIPKSt17reference_wrapperIN7bluefin3ASTEESt6vectorIS4_SaIS4_EEEppEv
FN:1056,_ZNK9__gnu_cxx17__normal_iteratorIPKSt17reference_wrapperIN7bluefin3ASTEESt6vectorIS4_SaIS4_EEE4baseEv
FNDA:0,_ZNK9__gnu_cxx17__normal_iteratorIPKSt17reference_wrapperIN7bluefin3ASTEESt6vectorIS4_SaIS4_EEE4baseEv
FN:1113,_ZN9__gnu_cxxneIPKSt17reference_wrapperIN7bluefin3ASTEESt6vectorIS4_SaIS4_EEEEbRKNS_17__normal_iteratorIT_T0_EESF_
FNDA:0,_ZN9__gnu_cxxneIPKSt17reference_wrapperIN7bluefin3ASTEESt6vectorIS4_SaIS4_EEEEbRKNS_17__normal_iteratorIT_T0_EESF_
DA:978,0
DA:979,0
DA:993,0
DA:994,0
DA:1003,0
DA:1005,0
DA:1006,0
DA:1056,0
DA:1057,0
DA:1113,0
DA:1116,0
end_of_record
TN:
SF:/usr/include/c++/10/bits/stl_function.h
FN:355,_ZNKSt8equal_toINSt7__cxx1112basic_stringIcSt11char_traitsIcESaIcEEEEclERKS5_S8_
FNDA:0,_ZNKSt8equal_toINSt7__cxx1112basic_stringIcSt11char_traitsIcESaIcEEEEclERKS5_S8_
DA:355,0
DA:356,0
end_of_record
SF:/usr/include/c++/10/utility
FN:178,_ZNSt10__pair_getILm0EE5__getIKNSt7__cxx1112basic_stringIcSt11char_traitsIcESaIcEEEN7bluefin5TokenEEERT_RSt4pairISB_T0_E
FNDA:0,_ZNSt10__pair_getILm0EE5__getIKNSt7__cxx1112basic_stringIcSt11char_traitsIcESaIcEEEN7bluefin5TokenEEERT_RSt4pairISB_T0_E
FN:188,_ZNSt10__pair_getILm0EE11__const_getIKNSt7__cxx1112basic_stringIcSt11char_traitsIcESaIcEEEN7bluefin5TokenEEERKT_RKSt4pairISB_T0_E
FNDA:0,_ZNSt10__pair_getILm0EE11__const_getIKNSt7__cxx1112basic_stringIcSt11char_traitsIcESaIcEEEN7bluefin5TokenEEERKT_RKSt4pairISB_T0_E
FN:223,_ZSt3getILm0EKNSt7__cxx1112basic_stringIcSt11char_traitsIcESaIcEEEN7bluefin5TokenEERNSt13tuple_elementIXT_ESt4pairIT0_T1_EE4typeERSD_
FNDA:0,_ZSt3getILm0EKNSt7__cxx1112basic_stringIcSt11char_traitsIcESaIcEEEN7bluefin5TokenEERNSt13tuple_elementIXT_ESt4pairIT0_T1_EE4typeERSD_
FN:233,_ZSt3getILm0EKNSt7__cxx1112basic_stringIcSt11char_traitsIcESaIcEEEN7bluefin5TokenEERKNSt13tuple_elementIXT_ESt4pairIT0_T1_EE4typeERKSD_
FNDA:0,_ZSt3getILm0EKNSt7__cxx1112basic_stringIcSt11char_traitsIcESaIcEEEN7bluefin5TokenEERKNSt13tuple_elementIXT_ESt4pairIT0_T1_EE4typeERKSD_
DA:178,0
DA:179,0
DA:188,0
DA:189,0
DA:223,0
DA:224,0
DA:233,0
DA:234,0
end_of_record
SF:/usr/include/c++/10/bits/basic_string.tcc
FN:206,_ZNSt7__cxx1112basic_stringIcSt11char_traitsIcESaIcEE12_M_constructIPcEEvT_S7_St20forward_iterator_tag
FNDA:0,_ZNSt7__cxx1112basic_stringIcSt11char_traitsIcESaIcEE12_M_constructIPcEEvT_S7_St20forward_iterator_tag
FN:206,_ZNSt7__cxx1112basic_stringIcSt11char_traitsIcESaIcEE12_M_constructIPKcEEvT_S8_St20forward_iterator_tag
FNDA:0,_ZNSt7__cxx1112basic_stringIcSt11char_traitsIcESaIcEE12_M_constructIPKcEEvT_S8_St20forward_iterator_tag
DA:206,0
DA:211,0
DA:212,0
DA:215,0
DA:217,0
DA:219,0
DA:220,0
DA:225,0
DA:226,0
DA:228,0
DA:229,0
DA:232,0
DA:233,0
DA:206,0
DA:211,0
DA:212,0
DA:215,0
DA:217,0
DA:219,0
DA:220,0
DA:225,0
DA:226,0
DA:228,0
DA:229,0
DA:232,0
DA:233,0
end_of_record
SF:/usr/include/c++/10/ext/new_allocator.h
FN:79,_ZN9__gnu_cxx13new_allocatorIPNSt8__detail15_Hash_node_baseEEC2Ev
FNDA:0,_ZN9__gnu_cxx13new_allocatorIPNSt8__detail15_Hash_node_baseEEC2Ev
FN:79,_ZN9__gnu_cxx13new_allocatorIcEC2Ev
FNDA:0,_ZN9__gnu_cxx13new_allocatorIcEC2Ev
FN:79,_ZN9__gnu_cxx13new_allocatorISt4pairIKNSt7__cxx1112basic_stringIcSt11char_traitsIcESaIcEEEN7bluefin5TokenEEEC2Ev
FNDA:0,_ZN9__gnu_cxx13new_allocatorISt4pairIKNSt7__cxx1112basic_stringIcSt11char_traitsIcESaIcEEEN7bluefin5TokenEEEC2Ev
FN:79,_ZN9__gnu_cxx13new_allocatorINSt8__detail10_Hash_nodeISt4pairIKNSt7__cxx1112basic_stringIcSt11char_traitsIcESaIcEEEN7bluefin5TokenEELb1EEEEC2Ev
FNDA:0,_ZN9__gnu_cxx13new_allocatorINSt8__detail10_Hash_nodeISt4pairIKNSt7__cxx1112basic_stringIcSt11char_traitsIcESaIcEEEN7bluefin5TokenEELb1EEEEC2Ev
FN:82,_ZN9__gnu_cxx13new_allocatorIcEC2ERKS1_
FNDA:0,_ZN9__gnu_cxx13new_allocatorIcEC2ERKS1_
FN:82,_ZN9__gnu_cxx13new_allocatorINSt8__detail10_Hash_nodeISt4pairIKNSt7__cxx1112basic_stringIcSt11char_traitsIcESaIcEEEN7bluefin5TokenEELb1EEEEC2ERKSF_
FNDA:0,_ZN9__gnu_cxx13new_allocatorINSt8__detail10_Hash_nodeISt4pairIKNSt7__cxx1112basic_stringIcSt11char_traitsIcESaIcEEEN7bluefin5TokenEELb1EEEEC2ERKSF_
FN:89,_ZN9__gnu_cxx13new_allocatorIcED2Ev
FNDA:0,_ZN9__gnu_cxx13new_allocatorIcED2Ev
FN:89,_ZN9__gnu_cxx13new_allocatorIPNSt8__detail15_Hash_node_baseEED2Ev
FNDA:0,_ZN9__gnu_cxx13new_allocatorIPNSt8__detail15_Hash_node_baseEED2Ev
FN:89,_ZN9__gnu_cxx13new_allocatorISt4pairIKNSt7__cxx1112basic_stringIcSt11char_traitsIcESaIcEEEN7bluefin5TokenEEED2Ev
FNDA:0,_ZN9__gnu_cxx13new_allocatorISt4pairIKNSt7__cxx1112basic_stringIcSt11char_traitsIcESaIcEEEN7bluefin5TokenEEED2Ev
FN:89,_ZN9__gnu_cxx13new_allocatorINSt8__detail10_Hash_nodeISt4pairIKNSt7__cxx1112basic_stringIcSt11char_traitsIcESaIcEEEN7bluefin5TokenEELb1EEEED2Ev
FNDA:0,_ZN9__gnu_cxx13new_allocatorINSt8__detail10_Hash_nodeISt4pairIKNSt7__cxx1112basic_stringIcSt11char_traitsIcESaIcEEEN7bluefin5TokenEELb1EEEED2Ev
FN:89,_ZN9__gnu_cxx13new_allocatorINSt8__detail10_Hash_nodeISt4pairIKNSt7__cxx1112basic_stringIcSt11char_traitsIcESaIcEEEiELb1EEEED2Ev
FNDA:0,_ZN9__gnu_cxx13new_allocatorINSt8__detail10_Hash_nodeISt4pairIKNSt7__cxx1112basic_stringIcSt11char_traitsIcESaIcEEEiELb1EEEED2Ev
FN:89,_ZN9__gnu_cxx13new_allocatorINSt8__detail10_Hash_nodeISt4pairIKNSt7__cxx1112basic_stringIcSt11char_traitsIcESaIcEEEN7bluefin6SymbolEELb1EEEED2Ev
FNDA:6,_ZN9__gnu_cxx13new_allocatorINSt8__detail10_Hash_nodeISt4pairIKNSt7__cxx1112basic_stringIcSt11char_traitsIcESaIcEEEN7bluefin6SymbolEELb1EEEED2Ev
FN:103,_ZN9__gnu_cxx13new_allocatorIPNSt8__detail15_Hash_node_baseEE8allocateEmPKv
FNDA:0,_ZN9__gnu_cxx13new_allocatorIPNSt8__detail15_Hash_node_baseEE8allocateEmPKv
FN:103,_ZN9__gnu_cxx13new_allocatorINSt8__detail10_Hash_nodeISt4pairIKNSt7__cxx1112basic_stringIcSt11char_traitsIcESaIcEEEN7bluefin5TokenEELb1EEEE8allocateEmPKv
FNDA:0,_ZN9__gnu_cxx13new_allocatorINSt8__detail10_Hash_nodeISt4pairIKNSt7__cxx1112basic_stringIcSt11char_traitsIcESaIcEEEN7bluefin5TokenEELb1EEEE8allocateEmPKv
FN:120,_ZN9__gnu_cxx13new_allocatorINSt8__detail10_Hash_nodeISt4pairIKNSt7__cxx1112basic_stringIcSt11char_traitsIcESaIcEEEN7bluefin6SymbolEELb1EEEE10deallocateEPSE_m
FNDA:15,_ZN9__gnu_cxx13new_allocatorINSt8__detail10_Hash_nodeISt4pairIKNSt7__cxx1112basic_stringIcSt11char_traitsIcESaIcEEEN7bluefin6SymbolEELb1EEEE10deallocateEPSE_m
FN:120,_ZN9__gnu_cxx13new_allocatorINSt8__detail10_Hash_nodeISt4pairIKNSt7__cxx1112basic_stringIcSt11char_traitsIcESaIcEEEN7bluefin5TokenEELb1EEEE10deallocateEPSE_m
FNDA:0,_ZN9__gnu_cxx13new_allocatorINSt8__detail10_Hash_nodeISt4pairIKNSt7__cxx1112basic_stringIcSt11char_traitsIcESaIcEEEN7bluefin5TokenEELb1EEEE10deallocateEPSE_m
FN:120,_ZN9__gnu_cxx13new_allocatorINSt8__detail10_Hash_nodeISt4pairIKNSt7__cxx1112basic_stringIcSt11char_traitsIcESaIcEEEiELb1EEEE10deallocateEPSC_m
FNDA:0,_ZN9__gnu_cxx13new_allocatorINSt8__detail10_Hash_nodeISt4pairIKNSt7__cxx1112basic_stringIcSt11char_traitsIcESaIcEEEiELb1EEEE10deallocateEPSC_m
FN:120,_ZN9__gnu_cxx13new_allocatorIPNSt8__detail15_Hash_node_baseEE10deallocateEPS3_m
FNDA:0,_ZN9__gnu_cxx13new_allocatorIPNSt8__detail15_Hash_node_baseEE10deallocateEPS3_m
FN:148,_ZN9__gnu_cxx13new_allocatorINSt8__detail10_Hash_nodeISt4pairIKNSt7__cxx1112basic_stringIcSt11char_traitsIcESaIcEEEN7bluefin5TokenEELb1EEEE9constructISD_JRKSD_EEEvPT_DpOT0_
FNDA:0,_ZN9__gnu_cxx13new_allocatorINSt8__detail10_Hash_nodeISt4pairIKNSt7__cxx1112basic_stringIcSt11char_traitsIcESaIcEEEN7bluefin5TokenEELb1EEEE9constructISD_JRKSD_EEEvPT_DpOT0_
FN:154,_ZN9__gnu_cxx13new_allocatorINSt8__detail10_Hash_nodeISt4pairIKNSt7__cxx1112basic_stringIcSt11char_traitsIcESaIcEEEN7bluefin5TokenEELb1EEEE7destroyISD_EEvPT_
FNDA:0,_ZN9__gnu_cxx13new_allocatorINSt8__detail10_Hash_nodeISt4pairIKNSt7__cxx1112basic_stringIcSt11char_traitsIcESaIcEEEN7bluefin5TokenEELb1EEEE7destroyISD_EEvPT_
FN:154,_ZN9__gnu_cxx13new_allocatorINSt8__detail10_Hash_nodeISt4pairIKNSt7__cxx1112basic_stringIcSt11char_traitsIcESaIcEEEN7bluefin6SymbolEELb1EEEE7destroyISD_EEvPT_
FNDA:15,_ZN9__gnu_cxx13new_allocatorINSt8__detail10_Hash_nodeISt4pairIKNSt7__cxx1112basic_stringIcSt11char_traitsIcESaIcEEEN7bluefin6SymbolEELb1EEEE7destroyISD_EEvPT_
FN:154,_ZN9__gnu_cxx13new_allocatorINSt8__detail10_Hash_nodeISt4pairIKNSt7__cxx1112basic_stringIcSt11char_traitsIcESaIcEEEiELb1EEEE7destroyISB_EEvPT_
FNDA:0,_ZN9__gnu_cxx13new_allocatorINSt8__detail10_Hash_nodeISt4pairIKNSt7__cxx1112basic_stringIcSt11char_traitsIcESaIcEEEiELb1EEEE7destroyISB_EEvPT_
FN:185,_ZNK9__gnu_cxx13new_allocatorIPNSt8__detail15_Hash_node_baseEE11_M_max_sizeEv
FNDA:0,_ZNK9__gnu_cxx13new_allocatorIPNSt8__detail15_Hash_node_baseEE11_M_max_sizeEv
FN:185,_ZNK9__gnu_cxx13new_allocatorINSt8__detail10_Hash_nodeISt4pairIKNSt7__cxx1112basic_stringIcSt11char_traitsIcESaIcEEEN7bluefin5TokenEELb1EEEE11_M_max_sizeEv
FNDA:0,_ZNK9__gnu_cxx13new_allocatorINSt8__detail10_Hash_nodeISt4pairIKNSt7__cxx1112basic_stringIcSt11char_traitsIcESaIcEEEN7bluefin5TokenEELb1EEEE11_M_max_sizeEv
DA:79,0
DA:79,0
DA:79,0
DA:79,0
DA:82,0
DA:82,0
DA:89,0
DA:89,0
DA:89,6
DA:89,0
DA:89,0
DA:89,0
DA:103,0
DA:105,0
DA:106,0
DA:115,0
DA:103,0
DA:105,0
DA:106,0
DA:115,0
DA:120,0
DA:133,0
DA:120,15
DA:133,15
DA:120,0
DA:133,0
DA:120,0
DA:133,0
DA:148,0
DA:150,0
DA:154,0
DA:156,0
DA:154,15
DA:156,15
DA:154,0
DA:156,0
DA:185,0
DA:188,0
DA:185,0
DA:188,0
end_of_record
SF:/usr/include/c++/10/new
FN:174,_ZnwmPv
FNDA:0,_ZnwmPv
FN:180,_ZdlPvS_
FNDA:0,_ZdlPvS_
DA:174,0
DA:175,0
DA:180,0
end_of_record
SF:/usr/include/c++/10/bits/alloc_traits.h
FN:459,_ZNSt16allocator_traitsISaINSt8__detail10_Hash_nodeISt4pairIKNSt7__cxx1112basic_stringIcSt11char_traitsIcESaIcEEEN7bluefin5TokenEELb1EEEEE8allocateERSE_m
FNDA:0,_ZNSt16allocator_traitsISaINSt8__detail10_Hash_nodeISt4pairIKNSt7__cxx1112basic_stringIcSt11char_traitsIcESaIcEEEN7bluefin5TokenEELb1EEEEE8allocateERSE_m
FN:459,_ZNSt16allocator_traitsISaIPNSt8__detail15_Hash_node_baseEEE8allocateERS3_m
FNDA:0,_ZNSt16allocator_traitsISaIPNSt8__detail15_Hash_node_baseEEE8allocateERS3_m
FN:491,_ZNSt16allocator_traitsISaINSt8__detail10_Hash_nodeISt4pairIKNSt7__cxx1112basic_stringIcSt11char_traitsIcESaIcEEEiELb1EEEEE10deallocateERSC_PSB_m
FNDA:0,_ZNSt16allocator_traitsISaINSt8__detail10_Hash_nodeISt4pairIKNSt7__cxx1112basic_stringIcSt11char_traitsIcESaIcEEEiELb1EEEEE10deallocateERSC_PSB_m
FN:491,_ZNSt16allocator_traitsISaINSt8__detail10_Hash_nodeISt4pairIKNSt7__cxx1112basic_stringIcSt11char_traitsIcESaIcEEEN7bluefin6SymbolEELb1EEEEE10deallocateERSE_PSD_m
FNDA:15,_ZNSt16allocator_traitsISaINSt8__detail10_Hash_nodeISt4pairIKNSt7__cxx1112basic_stringIcSt11char_traitsIcESaIcEEEN7bluefin6SymbolEELb1EEEEE10deallocateERSE_PSD_m
FN:491,_ZNSt16allocator_traitsISaINSt8__detail10_Hash_nodeISt4pairIKNSt7__cxx1112basic_stringIcSt11char_traitsIcESaIcEEEN7bluefin5TokenEELb1EEEEE10deallocateERSE_PSD_m
FNDA:0,_ZNSt16allocator_traitsISaINSt8__detail10_Hash_nodeISt4pairIKNSt7__cxx1112basic_stringIcSt11char_traitsIcESaIcEEEN7bluefin5TokenEELb1EEEEE10deallocateERSE_PSD_m
FN:491,_ZNSt16allocator_traitsISaIPNSt8__detail15_Hash_node_baseEEE10deallocateERS3_PS2_m
FNDA:0,_ZNSt16allocator_traitsISaIPNSt8__detail15_Hash_node_baseEEE10deallocateERS3_PS2_m
FN:507,_ZNSt16allocator_traitsISaINSt8__detail10_Hash_nodeISt4pairIKNSt7__cxx1112basic_stringIcSt11char_traitsIcESaIcEEEN7bluefin5TokenEELb1EEEEE9constructISC_JRKSC_EEEvRSE_PT_DpOT0_
FNDA:0,_ZNSt16allocator_traitsISaINSt8__detail10_Hash_nodeISt4pairIKNSt7__cxx1112basic_stringIcSt11char_traitsIcESaIcEEEN7bluefin5TokenEELb1EEEEE9constructISC_JRKSC_EEEvRSE_PT_DpOT0_
FN:527,_ZNSt16allocator_traitsISaINSt8__detail10_Hash_nodeISt4pairIKNSt7__cxx1112basic_stringIcSt11char_traitsIcESaIcEEEiELb1EEEEE7destroyISA_EEvRSC_PT_
FNDA:0,_ZNSt16allocator_traitsISaINSt8__detail10_Hash_nodeISt4pairIKNSt7__cxx1112basic_stringIcSt11char_traitsIcESaIcEEEiELb1EEEEE7destroyISA_EEvRSC_PT_
FN:527,_ZNSt16allocator_traitsISaINSt8__detail10_Hash_nodeISt4pairIKNSt7__cxx1112basic_stringIcSt11char_traitsIcESaIcEEEN7bluefin6SymbolEELb1EEEEE7destroyISC_EEvRSE_PT_
FNDA:15,_ZNSt16allocator_traitsISaINSt8__detail10_Hash_nodeISt4pairIKNSt7__cxx1112basic_stringIcSt11char_traitsIcESaIcEEEN7bluefin6SymbolEELb1EEEEE7destroyISC_EEvRSE_PT_
FN:527,_ZNSt16allocator_traitsISaINSt8__detail10_Hash_nodeISt4pairIKNSt7__cxx1112basic_stringIcSt11char_traitsIcESaIcEEEN7bluefin5TokenEELb1EEEEE7destroyISC_EEvRSE_PT_
FNDA:0,_ZNSt16allocator_traitsISaINSt8__detail10_Hash_nodeISt4pairIKNSt7__cxx1112basic_stringIcSt11char_traitsIcESaIcEEEN7bluefin5TokenEELb1EEEEE7destroyISC_EEvRSE_PT_
FN:558,_ZNSt16allocator_traitsISaIcEE37select_on_container_copy_constructionERKS0_
FNDA:0,_ZNSt16allocator_traitsISaIcEE37select_on_container_copy_constructionERKS0_
DA:459,0
DA:460,0
DA:459,0
DA:460,0
DA:491,0
DA:492,0
DA:491,15
DA:492,15
DA:491,0
DA:492,0
DA:491,0
DA:492,0
DA:507,0
DA:512,0
DA:516,0
DA:527,0
DA:531,0
DA:535,0
DA:527,15
DA:531,15
DA:535,15
DA:527,0
DA:531,0
DA:535,0
DA:558,0
DA:559,0
end_of_record
SF:/usr/include/c++/10/bits/hashtable_policy.h
FN:70,_ZNSt8__detail13__distance_fwIPKSt4pairIKNSt7__cxx1112basic_stringIcSt11char_traitsIcESaIcEEEN7bluefin5TokenEEEENSt15iterator_traitsIT_E15difference_typeESF_SF_St20forward_iterator_tag
FNDA:0,_ZNSt8__detail13__distance_fwIPKSt4pairIKNSt7__cxx1112basic_stringIcSt11char_traitsIcESaIcEEEN7bluefin5TokenEEEENSt15iterator_traitsIT_E15difference_typeESF_SF_St20forward_iterator_tag
FN:76,_ZNSt8__detail13__distance_fwIPKSt4pairIKNSt7__cxx1112basic_stringIcSt11char_traitsIcESaIcEEEN7bluefin5TokenEEEENSt15iterator_traitsIT_E15difference_typeESF_SF_
FNDA:0,_ZNSt8__detail13__distance_fwIPKSt4pairIKNSt7__cxx1112basic_stringIcSt11char_traitsIcESaIcEEEN7bluefin5TokenEEEENSt15iterator_traitsIT_E15difference_typeESF_SF_
FN:92,_ZNKSt8__detail10_Select1stclIRSt4pairIKNSt7__cxx1112basic_stringIcSt11char_traitsIcESaIcEEEN7bluefin5TokenEEEEDTcl3getILi0EEcl7forwardIT_Efp_EEEOSE_
FNDA:0,_ZNKSt8__detail10_Select1stclIRSt4pairIKNSt7__cxx1112basic_stringIcSt11char_traitsIcESaIcEEEN7bluefin5TokenEEEEDTcl3getILi0EEcl7forwardIT_Efp_EEEOSE_
FN:92,_ZNKSt8__detail10_Select1stclIRKSt4pairIKNSt7__cxx1112basic_stringIcSt11char_traitsIcESaIcEEEN7bluefin5TokenEEEEDTcl3getILi0EEcl7forwardIT_Efp_EEEOSF_
FNDA:0,_ZNKSt8__detail10_Select1stclIRKSt4pairIKNSt7__cxx1112basic_stringIcSt11char_traitsIcESaIcEEEN7bluefin5TokenEEEEDTcl3getILi0EEcl7forwardIT_Efp_EEEOSF_
FN:161,_ZNSt8__detail10_AllocNodeISaINS_10_Hash_nodeISt4pairIKNSt7__cxx1112basic_stringIcSt11char_traitsIcESaIcEEEN7bluefin5TokenEELb1EEEEEC2ERNS_16_Hashtable_allocISE_EE
FNDA:0,_ZNSt8__detail10_AllocNodeISaINS_10_Hash_nodeISt4pairIKNSt7__cxx1112basic_stringIcSt11char_traitsIcESaIcEEEN7bluefin5TokenEELb1EEEEEC2ERNS_16_Hashtable_allocISE_EE
FN:166,_ZNKSt8__detail10_AllocNodeISaINS_10_Hash_nodeISt4pairIKNSt7__cxx1112basic_stringIcSt11char_traitsIcESaIcEEEN7bluefin5TokenEELb1EEEEEclIRKSC_EEPSD_OT_
FNDA:0,_ZNKSt8__detail10_AllocNodeISaINS_10_Hash_nodeISt4pairIKNSt7__cxx1112basic_stringIcSt11char_traitsIcESaIcEEEN7bluefin5TokenEELb1EEEEEclIRKSC_EEPSD_OT_
FN:218,_ZNSt8__detail15_Hash_node_baseC2Ev
FNDA:0,_ZNSt8__detail15_Hash_node_baseC2Ev
FN:236,_ZNSt8__detail21_Hash_node_value_baseISt4pairIKNSt7__cxx1112basic_stringIcSt11char_traitsIcESaIcEEEN7bluefin5TokenEEE9_M_valptrEv
FNDA:0,_ZNSt8__detail21_Hash_node_value_baseISt4pairIKNSt7__cxx1112basic_stringIcSt11char_traitsIcESaIcEEEN7bluefin5TokenEEE9_M_valptrEv
FN:236,_ZNSt8__detail21_Hash_node_value_baseISt4pairIKNSt7__cxx1112basic_stringIcSt11char_traitsIcESaIcEEEN7bluefin6SymbolEEE9_M_valptrEv
FNDA:51,_ZNSt8__detail21_Hash_node_value_baseISt4pairIKNSt7__cxx1112basic_stringIcSt11char_traitsIcESaIcEEEN7bluefin6SymbolEEE9_M_valptrEv
FN:236,_ZNSt8__detail21_Hash_node_value_baseISt4pairIKNSt7__cxx1112basic_stringIcSt11char_traitsIcESaIcEEEiEE9_M_valptrEv
FNDA:0,_ZNSt8__detail21_Hash_node_value_baseISt4pairIKNSt7__cxx1112basic_stringIcSt11char_traitsIcESaIcEEEiEE9_M_valptrEv
FN:244,_ZNSt8__detail21_Hash_node_value_baseISt4pairIKNSt7__cxx1112basic_stringIcSt11char_traitsIcESaIcEEEN7bluefin5TokenEEE4_M_vEv
FNDA:0,_ZNSt8__detail21_Hash_node_value_baseISt4pairIKNSt7__cxx1112basic_stringIcSt11char_traitsIcESaIcEEEN7bluefin5TokenEEE4_M_vEv
FN:269,_ZNKSt8__detail10_Hash_nodeISt4pairIKNSt7__cxx1112basic_stringIcSt11char_traitsIcESaIcEEEN7bluefin6SymbolEELb1EE7_M_nextEv
FNDA:24,_ZNKSt8__detail10_Hash_nodeISt4pairIKNSt7__cxx1112basic_stringIcSt11char_traitsIcESaIcEEEN7bluefin6SymbolEELb1EE7_M_nextEv
FN:269,_ZNKSt8__detail10_Hash_nodeISt4pairIKNSt7__cxx1112basic_stringIcSt11char_traitsIcESaIcEEEN7bluefin5TokenEELb1EE7_M_nextEv
FNDA:0,_ZNKSt8__detail10_Hash_nodeISt4pairIKNSt7__cxx1112basic_stringIcSt11char_traitsIcESaIcEEEN7bluefin5TokenEELb1EE7_M_nextEv
FN:269,_ZNKSt8__detail10_Hash_nodeISt4pairIKNSt7__cxx1112basic_stringIcSt11char_traitsIcESaIcEEEiELb1EE7_M_nextEv
FNDA:0,_ZNKSt8__detail10_Hash_nodeISt4pairIKNSt7__cxx1112basic_stringIcSt11char_traitsIcESaIcEEEiELb1EE7_M_nextEv
FN:294,_ZNSt8__detail19_Node_iterator_baseISt4pairIKNSt7__cxx1112basic_stringIcSt11char_traitsIcESaIcEEEN7bluefin5TokenEELb1EEC2EPNS_10_Hash_nodeISB_Lb1EEE
FNDA:0,_ZNSt8__detail19_Node_iterator_baseISt4pairIKNSt7__cxx1112basic_stringIcSt11char_traitsIcESaIcEEEN7bluefin5TokenEELb1EEC2EPNS_10_Hash_nodeISB_Lb1EEE
FN:340,_ZNSt8__detail14_Node_iteratorISt4pairIKNSt7__cxx1112basic_stringIcSt11char_traitsIcESaIcEEEN7bluefin5TokenEELb0ELb1EEC2EPNS_10_Hash_nodeISB_Lb1EEE
FNDA:0,_ZNSt8__detail14_Node_iteratorISt4pairIKNSt7__cxx1112basic_stringIcSt11char_traitsIcESaIcEEEN7bluefin5TokenEELb0ELb1EEC2EPNS_10_Hash_nodeISB_Lb1EEE
FN:431,_ZNKSt8__detail18_Mod_range_hashingclEmm
FNDA:0,_ZNKSt8__detail18_Mod_range_hashingclEmm
FN:449,_ZNSt8__detail20_Prime_rehash_policyC2Ef
FNDA:0,_ZNSt8__detail20_Prime_rehash_policyC2Ef
FN:462,_ZNKSt8__detail20_Prime_rehash_policy19_M_bkt_for_elementsEm
FNDA:0,_ZNKSt8__detail20_Prime_rehash_policy19_M_bkt_for_elementsEm
FN:476,_ZNKSt8__detail20_Prime_rehash_policy8_M_stateEv
FNDA:0,_ZNKSt8__detail20_Prime_rehash_policy8_M_stateEv
FN:484,_ZNSt8__detail20_Prime_rehash_policy8_M_resetEm
FNDA:0,_ZNSt8__detail20_Prime_rehash_policy8_M_resetEm
FN:821,_ZNSt8__detail12_Insert_baseINSt7__cxx1112basic_stringIcSt11char_traitsIcESaIcEEESt4pairIKS6_N7bluefin5TokenEESaISB_ENS_10_Select1stESt8equal_toIS6_ESt4hashIS6_ENS_18_Mod_range_hashingENS_20_Default_ranged_hashENS_20_Prime_rehash_policyENS_17_Hashtable_traitsILb1ELb0ELb1EEEE20_M_conjure_hashtableEv
FNDA:0,_ZNSt8__detail12_Insert_baseINSt7__cxx1112basic_stringIcSt11char_traitsIcESaIcEEESt4pairIKS6_N7bluefin5TokenEESaISB_ENS_10_Select1stESt8equal_toIS6_ESt4hashIS6_ENS_18_Mod_range_hashingENS_20_Default_ranged_hashENS_20_Prime_rehash_policyENS_17_Hashtable_traitsILb1ELb0ELb1EEEE20_M_conjure_hashtableEv
FN:836,_ZNSt8__detail12_Insert_baseINSt7__cxx1112basic_stringIcSt11char_traitsIcESaIcEEESt4pairIKS6_N7bluefin5TokenEESaISB_ENS_10_Select1stESt8equal_toIS6_ESt4hashIS6_ENS_18_Mod_range_hashingENS_20_Default_ranged_hashENS_20_Prime_rehash_policyENS_17_Hashtable_traitsILb1ELb0ELb1EEEE6insertERKSB_
FNDA:0,_ZNSt8__detail12_Insert_baseINSt7__cxx1112basic_stringIcSt11char_traitsIcESaIcEEESt4pairIKS6_N7bluefin5TokenEESaISB_ENS_10_Select1stESt8equal_toIS6_ESt4hashIS6_ENS_18_Mod_range_hashingENS_20_Default_ranged_hashENS_20_Prime_rehash_policyENS_17_Hashtable_traitsILb1ELb0ELb1EEEE6insertERKSB_
FN:1115,_ZNSt8__detail21_Hashtable_ebo_helperILi0ENS_10_Select1stELb1EEC2IRKS1_EEOT_
FNDA:0,_ZNSt8__detail21_Hashtable_ebo_helperILi0ENS_10_Select1stELb1EEC2IRKS1_EEOT_
FN:1115,_ZNSt8__detail21_Hashtable_ebo_helperILi2ENS_18_Mod_range_hashingELb1EEC2IRKS1_EEOT_
FNDA:0,_ZNSt8__detail21_Hashtable_ebo_helperILi2ENS_18_Mod_range_hashingELb1EEC2IRKS1_EEOT_
FN:1115,_ZNSt8__detail21_Hashtable_ebo_helperILi1ESt4hashINSt7__cxx1112basic_stringIcSt11char_traitsIcESaIcEEEELb1EEC2IRKS8_EEOT_
FNDA:0,_ZNSt8__detail21_Hashtable_ebo_helperILi1ESt4hashINSt7__cxx1112basic_stringIcSt11char_traitsIcESaIcEEEELb1EEC2IRKS8_EEOT_
FN:1115,_ZNSt8__detail21_Hashtable_ebo_helperILi0ESt8equal_toINSt7__cxx1112basic_stringIcSt11char_traitsIcESaIcEEEELb1EEC2IRKS8_EEOT_
FNDA:0,_ZNSt8__detail21_Hashtable_ebo_helperILi0ESt8equal_toINSt7__cxx1112basic_stringIcSt11char_traitsIcESaIcEEEELb1EEC2IRKS8_EEOT_
FN:1115,_ZNSt8__detail21_Hashtable_ebo_helperILi0ESaINS_10_Hash_nodeISt4pairIKNSt7__cxx1112basic_stringIcSt11char_traitsIcESaIcEEEN7bluefin5TokenEELb1EEEELb1EEC2ISE_EEOT_
FNDA:0,_ZNSt8__detail21_Hashtable_ebo_helperILi0ESaINS_10_Hash_nodeISt4pairIKNSt7__cxx1112basic_stringIcSt11char_traitsIcESaIcEEEN7bluefin5TokenEELb1EEEELb1EEC2ISE_EEOT_
FN:1119,_ZNKSt8__detail21_Hashtable_ebo_helperILi2ENS_18_Mod_range_hashingELb1EE7_M_cgetEv
FNDA:0,_ZNKSt8__detail21_Hashtable_ebo_helperILi2ENS_18_Mod_range_hashingELb1EE7_M_cgetEv
FN:1119,_ZNKSt8__detail21_Hashtable_ebo_helperILi0ESt8equal_toINSt7__cxx1112basic_stringIcSt11char_traitsIcESaIcEEEELb1EE7_M_cgetEv
FNDA:0,_ZNKSt8__detail21_Hashtable_ebo_helperILi0ESt8equal_toINSt7__cxx1112basic_stringIcSt11char_traitsIcESaIcEEEELb1EE7_M_cgetEv
FN:1119,_ZNKSt8__detail21_Hashtable_ebo_helperILi0ENS_10_Select1stELb1EE7_M_cgetEv
FNDA:0,_ZNKSt8__detail21_Hashtable_ebo_helperILi0ENS_10_Select1stELb1EE7_M_cgetEv
FN:1119,_ZNKSt8__detail21_Hashtable_ebo_helperILi1ESt4hashINSt7__cxx1112basic_stringIcSt11char_traitsIcESaIcEEEELb1EE7_M_cgetEv
FNDA:0,_ZNKSt8__detail21_Hashtable_ebo_helperILi1ESt4hashINSt7__cxx1112basic_stringIcSt11char_traitsIcESaIcEEEELb1EE7_M_cgetEv
FN:1120,_ZNSt8__detail21_Hashtable_ebo_helperILi0ESaINS_10_Hash_nodeISt4pairIKNSt7__cxx1112basic_stringIcSt11char_traitsIcESaIcEEEN7bluefin5TokenEELb1EEEELb1EE6_M_getEv
FNDA:0,_ZNSt8__detail21_Hashtable_ebo_helperILi0ESaINS_10_Hash_nodeISt4pairIKNSt7__cxx1112basic_stringIcSt11char_traitsIcESaIcEEEN7bluefin5TokenEELb1EEEELb1EE6_M_getEv
FN:1120,_ZNSt8__detail21_Hashtable_ebo_helperILi0ESaINS_10_Hash_nodeISt4pairIKNSt7__cxx1112basic_stringIcSt11char_traitsIcESaIcEEEN7bluefin6SymbolEELb1EEEELb1EE6_M_getEv
FNDA:72,_ZNSt8__detail21_Hashtable_ebo_helperILi0ESaINS_10_Hash_nodeISt4pairIKNSt7__cxx1112basic_stringIcSt11char_traitsIcESaIcEEEN7bluefin6SymbolEELb1EEEELb1EE6_M_getEv
FN:1120,_ZNSt8__detail21_Hashtable_ebo_helperILi0ESaINS_10_Hash_nodeISt4pairIKNSt7__cxx1112basic_stringIcSt11char_traitsIcESaIcEEEiELb1EEEELb1EE6_M_getEv
FNDA:0,_ZNSt8__detail21_Hashtable_ebo_helperILi0ESaINS_10_Hash_nodeISt4pairIKNSt7__cxx1112basic_stringIcSt11char_traitsIcESaIcEEEiELb1EEEELb1EE6_M_getEv
FN:1369,_ZNSt8__detail15_Hash_code_baseINSt7__cxx1112basic_stringIcSt11char_traitsIcESaIcEEESt4pairIKS6_N7bluefin5TokenEENS_10_Select1stESt4hashIS6_ENS_18_Mod_range_hashingENS_20_Default_ranged_hashELb1EEC2ERKSC_RKSE_RKSF_RKSG_
FNDA:0,_ZNSt8__detail15_Hash_code_baseINSt7__cxx1112basic_stringIcSt11char_traitsIcESaIcEEESt4pairIKS6_N7bluefin5TokenEENS_10_Select1stESt4hashIS6_ENS_18_Mod_range_hashingENS_20_Default_ranged_hashELb1EEC2ERKSC_RKSE_RKSF_RKSG_
FN:1375,_ZNKSt8__detail15_Hash_code_baseINSt7__cxx1112basic_stringIcSt11char_traitsIcESaIcEEESt4pairIKS6_N7bluefin5TokenEENS_10_Select1stESt4hashIS6_ENS_18_Mod_range_hashingENS_20_Default_ranged_hashELb1EE12_M_hash_codeERS8_
FNDA:0,_ZNKSt8__detail15_Hash_code_baseINSt7__cxx1112basic_stringIcSt11char_traitsIcESaIcEEESt4pairIKS6_N7bluefin5TokenEENS_10_Select1stESt4hashIS6_ENS_18_Mod_range_hashingENS_20_Default_ranged_hashELb1EE12_M_hash_codeERS8_
FN:1383,_ZNKSt8__detail15_Hash_code_baseINSt7__cxx1112basic_stringIcSt11char_traitsIcESaIcEEESt4pairIKS6_N7bluefin5TokenEENS_10_Select1stESt4hashIS6_ENS_18_Mod_range_hashingENS_20_Default_ranged_hashELb1EE15_M_bucket_indexERS8_mm
FNDA:0,_ZNKSt8__detail15_Hash_code_baseINSt7__cxx1112basic_stringIcSt11char_traitsIcESaIcEEESt4pairIKS6_N7bluefin5TokenEENS_10_Select1stESt4hashIS6_ENS_18_Mod_range_hashingENS_20_Default_ranged_hashELb1EE15_M_bucket_indexERS8_mm
FN:1388,_ZNKSt8__detail15_Hash_code_baseINSt7__cxx1112basic_stringIcSt11char_traitsIcESaIcEEESt4pairIKS6_N7bluefin5TokenEENS_10_Select1stESt4hashIS6_ENS_18_Mod_range_hashingENS_20_Default_ranged_hashELb1EE15_M_bucket_indexEPKNS_10_Hash_nodeISB_Lb1EEEm
FNDA:0,_ZNKSt8__detail15_Hash_code_baseINSt7__cxx1112basic_stringIcSt11char_traitsIcESaIcEEESt4pairIKS6_N7bluefin5TokenEENS_10_Select1stESt4hashIS6_ENS_18_Mod_range_hashingENS_20_Default_ranged_hashELb1EE15_M_bucket_indexEPKNS_10_Hash_nodeISB_Lb1EEEm
FN:1394,_ZNKSt8__detail15_Hash_code_baseINSt7__cxx1112basic_stringIcSt11char_traitsIcESaIcEEESt4pairIKS6_N7bluefin5TokenEENS_10_Select1stESt4hashIS6_ENS_18_Mod_range_hashingENS_20_Default_ranged_hashELb1EE13_M_store_codeEPNS_10_Hash_nodeISB_Lb1EEEm
FNDA:0,_ZNKSt8__detail15_Hash_code_baseINSt7__cxx1112basic_stringIcSt11char_traitsIcESaIcEEESt4pairIKS6_N7bluefin5TokenEENS_10_Select1stESt4hashIS6_ENS_18_Mod_range_hashingENS_20_Default_ranged_hashELb1EE13_M_store_codeEPNS_10_Hash_nodeISB_Lb1EEEm
FN:1411,_ZNKSt8__detail15_Hash_code_baseINSt7__cxx1112basic_stringIcSt11char_traitsIcESaIcEEESt4pairIKS6_N7bluefin5TokenEENS_10_Select1stESt4hashIS6_ENS_18_Mod_range_hashingENS_20_Default_ranged_hashELb1EE10_M_extractEv
FNDA:0,_ZNKSt8__detail15_Hash_code_baseINSt7__cxx1112basic_stringIcSt11char_traitsIcESaIcEEESt4pairIKS6_N7bluefin5TokenEENS_10_Select1stESt4hashIS6_ENS_18_Mod_range_hashingENS_20_Default_ranged_hashELb1EE10_M_extractEv
FN:1414,_ZNKSt8__detail15_Hash_code_baseINSt7__cxx1112basic_stringIcSt11char_traitsIcESaIcEEESt4pairIKS6_N7bluefin5TokenEENS_10_Select1stESt4hashIS6_ENS_18_Mod_range_hashingENS_20_Default_ranged_hashELb1EE5_M_h1Ev
FNDA:0,_ZNKSt8__detail15_Hash_code_baseINSt7__cxx1112basic_stringIcSt11char_traitsIcESaIcEEESt4pairIKS6_N7bluefin5TokenEENS_10_Select1stESt4hashIS6_ENS_18_Mod_range_hashingENS_20_Default_ranged_hashELb1EE5_M_h1Ev
FN:1417,_ZNKSt8__detail15_Hash_code_baseINSt7__cxx1112basic_stringIcSt11char_traitsIcESaIcEEESt4pairIKS6_N7bluefin5TokenEENS_10_Select1stESt4hashIS6_ENS_18_Mod_range_hashingENS_20_Default_ranged_hashELb1EE5_M_h2Ev
FNDA:0,_ZNKSt8__detail15_Hash_code_baseINSt7__cxx1112basic_stringIcSt11char_traitsIcESaIcEEESt4pairIKS6_N7bluefin5TokenEENS_10_Select1stESt4hashIS6_ENS_18_Mod_range_hashingENS_20_Default_ranged_hashELb1EE5_M_h2Ev
FN:1786,_ZNSt8__detail15_Hashtable_baseINSt7__cxx1112basic_stringIcSt11char_traitsIcESaIcEEESt4pairIKS6_N7bluefin5TokenEENS_10_Select1stESt8equal_toIS6_ESt4hashIS6_ENS_18_Mod_range_hashingENS_20_Default_ranged_hashENS_17_Hashtable_traitsILb1ELb0ELb1EEEE16_Equal_hash_codeINS_10_Hash_nodeISB_Lb1EEEE9_S_equalsEmRKSO_
FNDA:0,_ZNSt8__detail15_Hashtable_baseINSt7__cxx1112basic_stringIcSt11char_traitsIcESaIcEEESt4pairIKS6_N7bluefin5TokenEENS_10_Select1stESt8equal_toIS6_ESt4hashIS6_ENS_18_Mod_range_hashingENS_20_Default_ranged_hashENS_17_Hashtable_traitsILb1ELb0ELb1EEEE16_Equal_hash_codeINS_10_Hash_nodeISB_Lb1EEEE9_S_equalsEmRKSO_
FN:1792,_ZNSt8__detail15_Hashtable_baseINSt7__cxx1112basic_stringIcSt11char_traitsIcESaIcEEESt4pairIKS6_N7bluefin5TokenEENS_10_Select1stESt8equal_toIS6_ESt4hashIS6_ENS_18_Mod_range_hashingENS_20_Default_ranged_hashENS_17_Hashtable_traitsILb1ELb0ELb1EEEEC2ERKSC_RKSG_RKSH_RKSI_RKSE_
FNDA:0,_ZNSt8__detail15_Hashtable_baseINSt7__cxx1112basic_stringIcSt11char_traitsIcESaIcEEESt4pairIKS6_N7bluefin5TokenEENS_10_Select1stESt8equal_toIS6_ESt4hashIS6_ENS_18_Mod_range_hashingENS_20_Default_ranged_hashENS_17_Hashtable_traitsILb1ELb0ELb1EEEEC2ERKSC_RKSG_RKSH_RKSI_RKSE_
FN:1798,_ZNKSt8__detail15_Hashtable_baseINSt7__cxx1112basic_stringIcSt11char_traitsIcESaIcEEESt4pairIKS6_N7bluefin5TokenEENS_10_Select1stESt8equal_toIS6_ESt4hashIS6_ENS_18_Mod_range_hashingENS_20_Default_ranged_hashENS_17_Hashtable_traitsILb1ELb0ELb1EEEE9_M_equalsERS8_mPNS_10_Hash_nodeISB_Lb1EEE
FNDA:0,_ZNKSt8__detail15_Hashtable_baseINSt7__cxx1112basic_stringIcSt11char_traitsIcESaIcEEESt4pairIKS6_N7bluefin5TokenEENS_10_Select1stESt8equal_toIS6_ESt4hashIS6_ENS_18_Mod_range_hashingENS_20_Default_ranged_hashENS_17_Hashtable_traitsILb1ELb0ELb1EEEE9_M_equalsERS8_mPNS_10_Hash_nodeISB_Lb1EEE
FN:1815,_ZNKSt8__detail15_Hashtable_baseINSt7__cxx1112basic_stringIcSt11char_traitsIcESaIcEEESt4pairIKS6_N7bluefin5TokenEENS_10_Select1stESt8equal_toIS6_ESt4hashIS6_ENS_18_Mod_range_hashingENS_20_Default_ranged_hashENS_17_Hashtable_traitsILb1ELb0ELb1EEEE5_M_eqEv
FNDA:0,_ZNKSt8__detail15_Hashtable_baseINSt7__cxx1112basic_stringIcSt11char_traitsIcESaIcEEESt4pairIKS6_N7bluefin5TokenEENS_10_Select1stESt8equal_toIS6_ESt4hashIS6_ENS_18_Mod_range_hashingENS_20_Default_ranged_hashENS_17_Hashtable_traitsILb1ELb0ELb1EEEE5_M_eqEv
FN:1987,_ZNSt8__detail16_Hashtable_allocISaINS_10_Hash_nodeISt4pairIKNSt7__cxx1112basic_stringIcSt11char_traitsIcESaIcEEEN7bluefin5TokenEELb1EEEEEC2ISE_EEOT_
FNDA:0,_ZNSt8__detail16_Hashtable_allocISaINS_10_Hash_nodeISt4pairIKNSt7__cxx1112basic_stringIcSt11char_traitsIcESaIcEEEN7bluefin5TokenEELb1EEEEEC2ISE_EEOT_
FN:1992,_ZNSt8__detail16_Hashtable_allocISaINS_10_Hash_nodeISt4pairIKNSt7__cxx1112basic_stringIcSt11char_traitsIcESaIcEEEN7bluefin5TokenEELb1EEEEE17_M_node_allocatorEv
FNDA:0,_ZNSt8__detail16_Hashtable_allocISaINS_10_Hash_nodeISt4pairIKNSt7__cxx1112basic_stringIcSt11char_traitsIcESaIcEEEN7bluefin5TokenEELb1EEEEE17_M_node_allocatorEv
FN:1992,_ZNSt8__detail16_Hashtable_allocISaINS_10_Hash_nodeISt4pairIKNSt7__cxx1112basic_stringIcSt11char_traitsIcESaIcEEEN7bluefin6SymbolEELb1EEEEE17_M_node_allocatorEv
FNDA:72,_ZNSt8__detail16_Hashtable_allocISaINS_10_Hash_nodeISt4pairIKNSt7__cxx1112basic_stringIcSt11char_traitsIcESaIcEEEN7bluefin6SymbolEELb1EEEEE17_M_node_allocatorEv
FN:1992,_ZNSt8__detail16_Hashtable_allocISaINS_10_Hash_nodeISt4pairIKNSt7__cxx1112basic_stringIcSt11char_traitsIcESaIcEEEiELb1EEEEE17_M_node_allocatorEv
FNDA:0,_ZNSt8__detail16_Hashtable_allocISaINS_10_Hash_nodeISt4pairIKNSt7__cxx1112basic_stringIcSt11char_traitsIcESaIcEEEiELb1EEEEE17_M_node_allocatorEv
FN:2029,_ZNSt8__detail16_Hashtable_allocISaINS_10_Hash_nodeISt4pairIKNSt7__cxx1112basic_stringIcSt11char_traitsIcESaIcEEEN7bluefin5TokenEELb1EEEEE16_M_allocate_nodeIJRKSC_EEEPSD_DpOT_
FNDA:0,_ZNSt8__detail16_Hashtable_allocISaINS_10_Hash_nodeISt4pairIKNSt7__cxx1112basic_stringIcSt11char_traitsIcESaIcEEEN7bluefin5TokenEELb1EEEEE16_M_allocate_nodeIJRKSC_EEEPSD_DpOT_
FN:2051,_ZNSt8__detail16_Hashtable_allocISaINS_10_Hash_nodeISt4pairIKNSt7__cxx1112basic_stringIcSt11char_traitsIcESaIcEEEN7bluefin6SymbolEELb1EEEEE18_M_deallocate_nodeEPSD_
FNDA:15,_ZNSt8__detail16_Hashtable_allocISaINS_10_Hash_nodeISt4pairIKNSt7__cxx1112basic_stringIcSt11char_traitsIcESaIcEEEN7bluefin6SymbolEELb1EEEEE18_M_deallocate_nodeEPSD_
FN:2051,_ZNSt8__detail16_Hashtable_allocISaINS_10_Hash_nodeISt4pairIKNSt7__cxx1112basic_stringIcSt11char_traitsIcESaIcEEEN7bluefin5TokenEELb1EEEEE18_M_deallocate_nodeEPSD_
FNDA:0,_ZNSt8__detail16_Hashtable_allocISaINS_10_Hash_nodeISt4pairIKNSt7__cxx1112basic_stringIcSt11char_traitsIcESaIcEEEN7bluefin5TokenEELb1EEEEE18_M_deallocate_nodeEPSD_
FN:2051,_ZNSt8__detail16_Hashtable_allocISaINS_10_Hash_nodeISt4pairIKNSt7__cxx1112basic_stringIcSt11char_traitsIcESaIcEEEiELb1EEEEE18_M_deallocate_nodeEPSB_
FNDA:0,_ZNSt8__detail16_Hashtable_allocISaINS_10_Hash_nodeISt4pairIKNSt7__cxx1112basic_stringIcSt11char_traitsIcESaIcEEEiELb1EEEEE18_M_deallocate_nodeEPSB_
FN:2059,_ZNSt8__detail16_Hashtable_allocISaINS_10_Hash_nodeISt4pairIKNSt7__cxx1112basic_stringIcSt11char_traitsIcESaIcEEEN7bluefin5TokenEELb1EEEEE22_M_deallocate_node_ptrEPSD_
FNDA:0,_ZNSt8__detail16_Hashtable_allocISaINS_10_Hash_nodeISt4pairIKNSt7__cxx1112basic_stringIcSt11char_traitsIcESaIcEEEN7bluefin5TokenEELb1EEEEE22_M_deallocate_node_ptrEPSD_
FN:2059,_ZNSt8__detail16_Hashtable_allocISaINS_10_Hash_nodeISt4pairIKNSt7__cxx1112basic_stringIcSt11char_traitsIcESaIcEEEN7bluefin6SymbolEELb1EEEEE22_M_deallocate_node_ptrEPSD_
FNDA:15,_ZNSt8__detail16_Hashtable_allocISaINS_10_Hash_nodeISt4pairIKNSt7__cxx1112basic_stringIcSt11char_traitsIcESaIcEEEN7bluefin6SymbolEELb1EEEEE22_M_deallocate_node_ptrEPSD_
FN:2059,_ZNSt8__detail16_Hashtable_allocISaINS_10_Hash_nodeISt4pairIKNSt7__cxx1112basic_stringIcSt11char_traitsIcESaIcEEEiELb1EEEEE22_M_deallocate_node_ptrEPSB_
FNDA:0,_ZNSt8__detail16_Hashtable_allocISaINS_10_Hash_nodeISt4pairIKNSt7__cxx1112basic_stringIcSt11char_traitsIcESaIcEEEiELb1EEEEE22_M_deallocate_node_ptrEPSB_
FN:2069,_ZNSt8__detail16_Hashtable_allocISaINS_10_Hash_nodeISt4pairIKNSt7__cxx1112basic_stringIcSt11char_traitsIcESaIcEEEiELb1EEEEE19_M_deallocate_nodesEPSB_
FNDA:0,_ZNSt8__detail16_Hashtable_allocISaINS_10_Hash_nodeISt4pairIKNSt7__cxx1112basic_stringIcSt11char_traitsIcESaIcEEEiELb1EEEEE19_M_deallocate_nodesEPSB_
FN:2069,_ZNSt8__detail16_Hashtable_allocISaINS_10_Hash_nodeISt4pairIKNSt7__cxx1112basic_stringIcSt11char_traitsIcESaIcEEEN7bluefin6SymbolEELb1EEEEE19_M_deallocate_nodesEPSD_
FNDA:6,_ZNSt8__detail16_Hashtable_allocISaINS_10_Hash_nodeISt4pairIKNSt7__cxx1112basic_stringIcSt11char_traitsIcESaIcEEEN7bluefin6SymbolEELb1EEEEE19_M_deallocate_nodesEPSD_
FN:2069,_ZNSt8__detail16_Hashtable_allocISaINS_10_Hash_nodeISt4pairIKNSt7__cxx1112basic_stringIcSt11char_traitsIcESaIcEEEN7bluefin5TokenEELb1EEEEE19_M_deallocate_nodesEPSD_
FNDA:0,_ZNSt8__detail16_Hashtable_allocISaINS_10_Hash_nodeISt4pairIKNSt7__cxx1112basic_stringIcSt11char_traitsIcESaIcEEEN7bluefin5TokenEELb1EEEEE19_M_deallocate_nodesEPSD_
FN:2081,_ZNSt8__detail16_Hashtable_allocISaINS_10_Hash_nodeISt4pairIKNSt7__cxx1112basic_stringIcSt11char_traitsIcESaIcEEEN7bluefin5TokenEELb1EEEEE19_M_allocate_bucketsEm
FNDA:0,_ZNSt8__detail16_Hashtable_allocISaINS_10_Hash_nodeISt4pairIKNSt7__cxx1112basic_stringIcSt11char_traitsIcESaIcEEEN7bluefin5TokenEELb1EEEEE19_M_allocate_bucketsEm
FN:2093,_ZNSt8__detail16_Hashtable_allocISaINS_10_Hash_nodeISt4pairIKNSt7__cxx1112basic_stringIcSt11char_traitsIcESaIcEEEN7bluefin5TokenEELb1EEEEE21_M_deallocate_bucketsEPPNS_15_Hash_node_baseEm
FNDA:0,_ZNSt8__detail16_Hashtable_allocISaINS_10_Hash_nodeISt4pairIKNSt7__cxx1112basic_stringIcSt11char_traitsIcESaIcEEEN7bluefin5TokenEELb1EEEEE21_M_deallocate_bucketsEPPNS_15_Hash_node_baseEm
FN:2093,_ZNSt8__detail16_Hashtable_allocISaINS_10_Hash_nodeISt4pairIKNSt7__cxx1112basic_stringIcSt11char_traitsIcESaIcEEEN7bluefin6SymbolEELb1EEEEE21_M_deallocate_bucketsEPPNS_15_Hash_node_baseEm
FNDA:6,_ZNSt8__detail16_Hashtable_allocISaINS_10_Hash_nodeISt4pairIKNSt7__cxx1112basic_stringIcSt11char_traitsIcESaIcEEEN7bluefin6SymbolEELb1EEEEE21_M_deallocate_bucketsEPPNS_15_Hash_node_baseEm
FN:2093,_ZNSt8__detail16_Hashtable_allocISaINS_10_Hash_nodeISt4pairIKNSt7__cxx1112basic_stringIcSt11char_traitsIcESaIcEEEiELb1EEEEE21_M_deallocate_bucketsEPPNS_15_Hash_node_baseEm
FNDA:0,_ZNSt8__detail16_Hashtable_allocISaINS_10_Hash_nodeISt4pairIKNSt7__cxx1112basic_stringIcSt11char_traitsIcESaIcEEEiELb1EEEEE21_M_deallocate_bucketsEPPNS_15_Hash_node_baseEm
DA:70,0
DA:72,0
DA:76,0
DA:77,0
DA:78,0
DA:92,0
DA:94,0
DA:92,0
DA:94,0
DA:161,0
DA:162,0
DA:166,0
DA:167,0
DA:218,0
DA:236,0
DA:237,0
DA:236,51
DA:237,51
DA:236,0
DA:237,0
DA:244,0
DA:245,0
DA:269,0
DA:270,0
DA:269,24
DA:270,24
DA:269,0
DA:270,0
DA:294,0
DA:295,0
DA:340,0
DA:341,0
DA:431,0
DA:433,0
DA:449,0
DA:450,0
DA:462,0
DA:463,0
DA:476,0
DA:477,0
DA:484,0
DA:485,0
DA:821,0
DA:822,0
DA:836,0
DA:838,0
DA:839,0
DA:840,0
DA:1115,0
DA:1116,0
DA:1117,0
DA:1115,0
DA:1116,0
DA:1117,0
DA:1115,0
DA:1116,0
DA:1117,0
DA:1115,0
DA:1116,0
DA:1117,0
DA:1115,0
DA:1116,0
DA:1117,0
DA:1119,0
DA:1119,0
DA:1119,0
DA:1119,0
DA:1120,0
DA:1120,72
DA:1120,0
DA:1369,0
DA:1372,0
DA:1375,0
DA:1379,0
DA:1383,0
DA:1385,0
DA:1388,0
DA:1391,0
DA:1394,0
DA:1395,0
DA:1411,0
DA:1414,0
DA:1417,0
DA:1786,0
DA:1787,0
DA:1792,0
DA:1794,0
DA:1795,0
DA:1798,0
DA:1803,0
DA:1804,0
DA:1815,0
DA:1987,0
DA:1988,0
DA:1989,0
DA:1992,0
DA:1993,0
DA:1992,72
DA:1993,72
DA:1992,0
DA:1993,0
DA:2029,0
DA:2032,0
DA:2033,0
DA:2036,0
DA:2037,0
DA:2040,0
DA:2042,0
DA:2044,0
DA:2045,0
DA:2051,0
DA:2053,0
DA:2054,0
DA:2055,0
DA:2051,15
DA:2053,15
DA:2054,15
DA:2055,15
DA:2051,0
DA:2053,0
DA:2054,0
DA:2055,0
DA:2059,0
DA:2062,0
DA:2063,0
DA:2064,0
DA:2065,0
DA:2059,15
DA:2062,15
DA:2063,15
DA:2064,15
DA:2065,15
DA:2059,0
DA:2062,0
DA:2063,0
DA:2064,0
DA:2065,0
DA:2069,0
DA:2071,0
DA:2073,0
DA:2074,0
DA:2075,0
DA:2077,0
DA:2069,21
DA:2071,21
DA:2073,15
DA:2074,15
DA:2075,15
DA:2077,6
DA:2069,0
DA:2071,0
DA:2073,0
DA:2074,0
DA:2075,0
DA:2077,0
DA:2081,0
DA:2083,0
DA:2085,0
DA:2086,0
DA:2087,0
DA:2088,0
DA:2093,0
DA:2097,0
DA:2098,0
DA:2099,0
DA:2100,0
DA:2093,6
DA:2097,6
DA:2098,12
DA:2099,6
DA:2100,6
DA:2093,0
DA:2097,0
DA:2098,0
DA:2099,0
DA:2100,0
end_of_record
SF:/usr/src/bluefin/include/bluefin.hpp
FN:14,_ZNK7bluefinL17RESERVED_KEYWORDSMUlvE_clEv
FNDA:12,_ZNK7bluefinL17RESERVED_KEYWORDSMUlvE_clEv
DA:14,12
DA:16,24
DA:17,60
DA:18,12
end_of_record
SF:/usr/include/c++/10/bits/stl_algobase.h
FN:254,_ZSt3maxImERKT_S2_S2_
FNDA:0,_ZSt3maxImERKT_S2_S2_
DA:254,0
DA:259,0
DA:260,0
DA:261,0
end_of_record
SF:/usr/src/bluefin/include/ast.hpp
end_of_record
SF:/usr/include/c++/10/bits/stl_iterator_base_funcs.h
FN:98,_ZSt10__distanceIPKSt4pairIKNSt7__cxx1112basic_stringIcSt11char_traitsIcESaIcEEEN7bluefin5TokenEEENSt15iterator_traitsIT_E15difference_typeESE_SE_St26random_access_iterator_tag
FNDA:0,_ZSt10__distanceIPKSt4pairIKNSt7__cxx1112basic_stringIcSt11char_traitsIcESaIcEEEN7bluefin5TokenEEENSt15iterator_traitsIT_E15difference_typeESE_SE_St26random_access_iterator_tag
FN:98,_ZSt10__distanceIPcENSt15iterator_traitsIT_E15difference_typeES2_S2_St26random_access_iterator_tag
FNDA:0,_ZSt10__distanceIPcENSt15iterator_traitsIT_E15difference_typeES2_S2_St26random_access_iterator_tag
FN:98,_ZSt10__distanceIPKcENSt15iterator_traitsIT_E15difference_typeES3_S3_St26random_access_iterator_tag
FNDA:0,_ZSt10__distanceIPKcENSt15iterator_traitsIT_E15difference_typeES3_S3_St26random_access_iterator_tag
FN:138,_ZSt8distanceIPKSt4pairIKNSt7__cxx1112basic_stringIcSt11char_traitsIcESaIcEEEN7bluefin5TokenEEENSt15iterator_traitsIT_E15difference_typeESE_SE_
FNDA:0,_ZSt8distanceIPKSt4pairIKNSt7__cxx1112basic_stringIcSt11char_traitsIcESaIcEEEN7bluefin5TokenEEENSt15iterator_traitsIT_E15difference_typeESE_SE_
FN:138,_ZSt8distanceIPcENSt15iterator_traitsIT_E15difference_typeES2_S2_
FNDA:0,_ZSt8distanceIPcENSt15iterator_traitsIT_E15difference_typeES2_S2_
FN:138,_ZSt8distanceIPKcENSt15iterator_traitsIT_E15difference_typeES3_S3_
FNDA:0,_ZSt8distanceIPKcENSt15iterator_traitsIT_E15difference_typeES3_S3_
DA:98,0
DA:104,0
DA:98,0
DA:104,0
DA:98,0
DA:104,0
DA:138,0
DA:141,0
DA:142,0
DA:138,0
DA:141,0
DA:142,0
DA:138,0
DA:141,0
DA:142,0
end_of_record
SF:/usr/include/c++/10/bits/allocator.h
FN:144,_ZNSaISt4pairIKNSt7__cxx1112basic_stringIcSt11char_traitsIcESaIcEEEN7bluefin5TokenEEEC2Ev
FNDA:0,_ZNSaISt4pairIKNSt7__cxx1112basic_stringIcSt11char_traitsIcESaIcEEEN7bluefin5TokenEEEC2Ev
FN:147,_ZNSaINSt8__detail10_Hash_nodeISt4pairIKNSt7__cxx1112basic_stringIcSt11char_traitsIcESaIcEEEN7bluefin5TokenEELb1EEEEC2ERKSD_
FNDA:0,_ZNSaINSt8__detail10_Hash_nodeISt4pairIKNSt7__cxx1112basic_stringIcSt11char_traitsIcESaIcEEEN7bluefin5TokenEELb1EEEEC2ERKSD_
FN:157,_ZNSaIPNSt8__detail15_Hash_node_baseEEC2INS_10_Hash_nodeISt4pairIKNSt7__cxx1112basic_stringIcSt11char_traitsIcESaIcEEEiELb1EEEEERKSaIT_E
FNDA:0,_ZNSaIPNSt8__detail15_Hash_node_baseEEC2INS_10_Hash_nodeISt4pairIKNSt7__cxx1112basic_stringIcSt11char_traitsIcESaIcEEEiELb1EEEEERKSaIT_E
FN:157,_ZNSaIPNSt8__detail15_Hash_node_baseEEC2INS_10_Hash_nodeISt4pairIKNSt7__cxx1112basic_stringIcSt11char_traitsIcESaIcEEEN7bluefin6SymbolEELb1EEEEERKSaIT_E
FNDA:12,_ZNSaIPNSt8__detail15_Hash_node_baseEEC2INS_10_Hash_nodeISt4pairIKNSt7__cxx1112basic_stringIcSt11char_traitsIcESaIcEEEN7bluefin6SymbolEELb1EEEEERKSaIT_E
FN:157,_ZNSaIPNSt8__detail15_Hash_node_baseEEC2INS_10_Hash_nodeISt4pairIKNSt7__cxx1112basic_stringIcSt11char_traitsIcESaIcEEEN7bluefin5TokenEELb1EEEEERKSaIT_E
FNDA:0,_ZNSaIPNSt8__detail15_Hash_node_baseEEC2INS_10_Hash_nodeISt4pairIKNSt7__cxx1112basic_stringIcSt11char_traitsIcESaIcEEEN7bluefin5TokenEELb1EEEEERKSaIT_E
FN:157,_ZNSaINSt8__detail10_Hash_nodeISt4pairIKNSt7__cxx1112basic_stringIcSt11char_traitsIcESaIcEEEN7bluefin5TokenEELb1EEEEC2ISB_EERKSaIT_E
FNDA:0,_ZNSaINSt8__detail10_Hash_nodeISt4pairIKNSt7__cxx1112basic_stringIcSt11char_traitsIcESaIcEEEN7bluefin5TokenEELb1EEEEC2ISB_EERKSaIT_E
FN:162,_ZNSaIPNSt8__detail15_Hash_node_baseEED2Ev
FNDA:0,_ZNSaIPNSt8__detail15_Hash_node_baseEED2Ev
FN:162,_ZNSaINSt8__detail10_Hash_nodeISt4pairIKNSt7__cxx1112basic_stringIcSt11char_traitsIcESaIcEEEiELb1EEEED2Ev
FNDA:0,_ZNSaINSt8__detail10_Hash_nodeISt4pairIKNSt7__cxx1112basic_stringIcSt11char_traitsIcESaIcEEEiELb1EEEED2Ev
FN:162,_ZNSaINSt8__detail10_Hash_nodeISt4pairIKNSt7__cxx1112basic_stringIcSt11char_traitsIcESaIcEEEN7bluefin6SymbolEELb1EEEED2Ev
FNDA:6,_ZNSaINSt8__detail10_Hash_nodeISt4pairIKNSt7__cxx1112basic_stringIcSt11char_traitsIcESaIcEEEN7bluefin6SymbolEELb1EEEED2Ev
FN:162,_ZNSaINSt8__detail10_Hash_nodeISt4pairIKNSt7__cxx1112basic_stringIcSt11char_traitsIcESaIcEEEN7bluefin5TokenEELb1EEEED2Ev
FNDA:0,_ZNSaINSt8__detail10_Hash_nodeISt4pairIKNSt7__cxx1112basic_stringIcSt11char_traitsIcESaIcEEEN7bluefin5TokenEELb1EEEED2Ev
FN:162,_ZNSaISt4pairIKNSt7__cxx1112basic_stringIcSt11char_traitsIcESaIcEEEN7bluefin5TokenEEED2Ev
FNDA:0,_ZNSaISt4pairIKNSt7__cxx1112basic_stringIcSt11char_traitsIcESaIcEEEN7bluefin5TokenEEED2Ev
DA:144,0
DA:147,0
DA:148,0
DA:157,0
DA:157,12
DA:157,0
DA:157,0
DA:162,0
DA:162,0
DA:162,6
DA:162,0
DA:162,0
end_of_record
SF:/usr/include/c++/10/bits/char_traits.h
FN:106,_ZN9__gnu_cxx11char_traitsIcE2eqERKcS3_
FNDA:0,_ZN9__gnu_cxx11char_traitsIcE2eqERKcS3_
FN:110,_ZN9__gnu_cxx11char_traitsIcE2ltERKcS3_
FNDA:0,_ZN9__gnu_cxx11char_traitsIcE2ltERKcS3_
FN:154,_ZN9__gnu_cxx11char_traitsIcE7compareEPKcS3_m
FNDA:0,_ZN9__gnu_cxx11char_traitsIcE7compareEPKcS3_m
FN:167,_ZN9__gnu_cxx11char_traitsIcE6lengthEPKc
FNDA:0,_ZN9__gnu_cxx11char_traitsIcE6lengthEPKc
FN:344,_ZNSt11char_traitsIcE7compareEPKcS2_m
FNDA:0,_ZNSt11char_traitsIcE7compareEPKcS2_m
FN:358,_ZNSt11char_traitsIcE6lengthEPKc
FNDA:0,_ZNSt11char_traitsIcE6lengthEPKc
FN:394,_ZNSt11char_traitsIcE4copyEPcPKcm
FNDA:0,_ZNSt11char_traitsIcE4copyEPcPKcm
DA:106,0
DA:107,0
DA:110,0
DA:111,0
DA:154,0
DA:157,0
DA:158,0
DA:159,0
DA:160,0
DA:161,0
DA:162,0
DA:167,0
DA:170,0
DA:171,0
DA:172,0
DA:173,0
DA:262,0
DA:344,0
DA:346,0
DA:347,0
DA:349,0
DA:351,0
DA:352,0
DA:354,0
DA:358,0
DA:361,0
DA:362,0
DA:364,0
DA:394,0
DA:396,0
DA:397,0
DA:402,0
end_of_record
SF:/usr/include/c++/10/initializer_list
FN:71,_ZNKSt16initializer_listISt4pairIKNSt7__cxx1112basic_stringIcSt11char_traitsIcESaIcEEEN7bluefin5TokenEEE4sizeEv
FNDA:0,_ZNKSt16initializer_listISt4pairIKNSt7__cxx1112basic_stringIcSt11char_traitsIcESaIcEEEN7bluefin5TokenEEE4sizeEv
FN:75,_ZNKSt16initializer_listISt4pairIKNSt7__cxx1112basic_stringIcSt11char_traitsIcESaIcEEEN7bluefin5TokenEEE5beginEv
FNDA:0,_ZNKSt16initializer_listISt4pairIKNSt7__cxx1112basic_stringIcSt11char_traitsIcESaIcEEEN7bluefin5TokenEEE5beginEv
FN:79,_ZNKSt16initializer_listISt4pairIKNSt7__cxx1112basic_stringIcSt11char_traitsIcESaIcEEEN7bluefin5TokenEEE3endEv
FNDA:0,_ZNKSt16initializer_listISt4pairIKNSt7__cxx1112basic_stringIcSt11char_traitsIcESaIcEEEN7bluefin5TokenEEE3endEv
DA:71,0
DA:75,0
DA:79,0
end_of_record
SF:/usr/include/c++/10/bits/move.h
FN:49,_ZSt11__addressofINSt8__detail10_Hash_nodeISt4pairIKNSt7__cxx1112basic_stringIcSt11char_traitsIcESaIcEEEiELb1EEEEPT_RSC_
FNDA:0,_ZSt11__addressofINSt8__detail10_Hash_nodeISt4pairIKNSt7__cxx1112basic_stringIcSt11char_traitsIcESaIcEEEiELb1EEEEPT_RSC_
FN:49,_ZSt11__addressofINSt8__detail10_Hash_nodeISt4pairIKNSt7__cxx1112basic_stringIcSt11char_traitsIcESaIcEEEN7bluefin6SymbolEELb1EEEEPT_RSE_
FNDA:15,_ZSt11__addressofINSt8__detail10_Hash_nodeISt4pairIKNSt7__cxx1112basic_stringIcSt11char_traitsIcESaIcEEEN7bluefin6SymbolEELb1EEEEPT_RSE_
FN:49,_ZSt11__addressofINSt8__detail10_Hash_nodeISt4pairIKNSt7__cxx1112basic_stringIcSt11char_traitsIcESaIcEEEN7bluefin5TokenEELb1EEEEPT_RSE_
FNDA:0,_ZSt11__addressofINSt8__detail10_Hash_nodeISt4pairIKNSt7__cxx1112basic_stringIcSt11char_traitsIcESaIcEEEN7bluefin5TokenEELb1EEEEPT_RSE_
FN:49,_ZSt11__addressofIPNSt8__detail15_Hash_node_baseEEPT_RS3_
FNDA:0,_ZSt11__addressofIPNSt8__detail15_Hash_node_baseEEPT_RS3_
FN:76,_ZSt7forwardIRNSt8__detail14_Node_iteratorISt4pairIKNSt7__cxx1112basic_stringIcSt11char_traitsIcESaIcEEEN7bluefin5TokenEELb0ELb1EEEEOT_RNSt16remove_referenceISF_E4typeE
FNDA:0,_ZSt7forwardIRNSt8__detail14_Node_iteratorISt4pairIKNSt7__cxx1112basic_stringIcSt11char_traitsIcESaIcEEEN7bluefin5TokenEELb0ELb1EEEEOT_RNSt16remove_referenceISF_E4typeE
FN:76,_ZSt7forwardIbEOT_RNSt16remove_referenceIS0_E4typeE
FNDA:0,_ZSt7forwardIbEOT_RNSt16remove_referenceIS0_E4typeE
FN:76,_ZSt7forwardIRA4_KcEOT_RNSt16remove_referenceIS3_E4typeE
FNDA:0,_ZSt7forwardIRA4_KcEOT_RNSt16remove_referenceIS3_E4typeE
FN:76,_ZSt7forwardIN7bluefin5TokenEEOT_RNSt16remove_referenceIS2_E4typeE
FNDA:0,_ZSt7forwardIN7bluefin5TokenEEOT_RNSt16remove_referenceIS2_E4typeE
FN:76,_ZSt7forwardIRA7_KcEOT_RNSt16remove_referenceIS3_E4typeE
FNDA:0,_ZSt7forwardIRA7_KcEOT_RNSt16remove_referenceIS3_E4typeE
FN:76,_ZSt7forwardISaINSt8__detail10_Hash_nodeISt4pairIKNSt7__cxx1112basic_stringIcSt11char_traitsIcESaIcEEEN7bluefin5TokenEELb1EEEEEOT_RNSt16remove_referenceISF_E4typeE
FNDA:0,_ZSt7forwardISaINSt8__detail10_Hash_nodeISt4pairIKNSt7__cxx1112basic_stringIcSt11char_traitsIcESaIcEEEN7bluefin5TokenEELb1EEEEEOT_RNSt16remove_referenceISF_E4typeE
FN:76,_ZSt7forwardIRKSt4pairIKNSt7__cxx1112basic_stringIcSt11char_traitsIcESaIcEEEN7bluefin5TokenEEEOT_RNSt16remove_referenceISD_E4typeE
FNDA:0,_ZSt7forwardIRKSt4pairIKNSt7__cxx1112basic_stringIcSt11char_traitsIcESaIcEEEN7bluefin5TokenEEEOT_RNSt16remove_referenceISD_E4typeE
FN:76,_ZSt7forwardIRKSt8equal_toINSt7__cxx1112basic_stringIcSt11char_traitsIcESaIcEEEEEOT_RNSt16remove_referenceISA_E4typeE
FNDA:0,_ZSt7forwardIRKSt8equal_toINSt7__cxx1112basic_stringIcSt11char_traitsIcESaIcEEEEEOT_RNSt16remove_referenceISA_E4typeE
FN:76,_ZSt7forwardINSt8__detail14_Node_iteratorISt4pairIKNSt7__cxx1112basic_stringIcSt11char_traitsIcESaIcEEEN7bluefin5TokenEELb0ELb1EEEEOT_RNSt16remove_referenceISE_E4typeE
FNDA:0,_ZSt7forwardINSt8__detail14_Node_iteratorISt4pairIKNSt7__cxx1112basic_stringIcSt11char_traitsIcESaIcEEEN7bluefin5TokenEELb0ELb1EEEEOT_RNSt16remove_referenceISE_E4typeE
FN:76,_ZSt7forwardIRSt4pairIKNSt7__cxx1112basic_stringIcSt11char_traitsIcESaIcEEEN7bluefin5TokenEEEOT_RNSt16remove_referenceISC_E4typeE
FNDA:0,_ZSt7forwardIRSt4pairIKNSt7__cxx1112basic_stringIcSt11char_traitsIcESaIcEEEN7bluefin5TokenEEEOT_RNSt16remove_referenceISC_E4typeE
FN:76,_ZSt7forwardIRKNSt8__detail10_Select1stEEOT_RNSt16remove_referenceIS4_E4typeE
FNDA:0,_ZSt7forwardIRKNSt8__detail10_Select1stEEOT_RNSt16remove_referenceIS4_E4typeE
FN:76,_ZSt7forwardIRKSt4hashINSt7__cxx1112basic_stringIcSt11char_traitsIcESaIcEEEEEOT_RNSt16remove_referenceISA_E4typeE
FNDA:0,_ZSt7forwardIRKSt4hashINSt7__cxx1112basic_stringIcSt11char_traitsIcESaIcEEEEEOT_RNSt16remove_referenceISA_E4typeE
FN:76,_ZSt7forwardIRKNSt8__detail18_Mod_range_hashingEEOT_RNSt16remove_referenceIS4_E4typeE
FNDA:0,_ZSt7forwardIRKNSt8__detail18_Mod_range_hashingEEOT_RNSt16remove_referenceIS4_E4typeE
FN:101,_ZSt4moveIRSaIcEEONSt16remove_referenceIT_E4typeEOS3_
FNDA:0,_ZSt4moveIRSaIcEEONSt16remove_referenceIT_E4typeEOS3_
FN:140,_ZSt9addressofIPNSt8__detail15_Hash_node_baseEEPT_RS3_
FNDA:0,_ZSt9addressofIPNSt8__detail15_Hash_node_baseEEPT_RS3_
FN:140,_ZSt9addressofINSt8__detail10_Hash_nodeISt4pairIKNSt7__cxx1112basic_stringIcSt11char_traitsIcESaIcEEEN7bluefin5TokenEELb1EEEEPT_RSE_
FNDA:0,_ZSt9addressofINSt8__detail10_Hash_nodeISt4pairIKNSt7__cxx1112basic_stringIcSt11char_traitsIcESaIcEEEN7bluefin5TokenEELb1EEEEPT_RSE_
FN:140,_ZSt9addressofINSt8__detail10_Hash_nodeISt4pairIKNSt7__cxx1112basic_stringIcSt11char_traitsIcESaIcEEEN7bluefin6SymbolEELb1EEEEPT_RSE_
FNDA:15,_ZSt9addressofINSt8__detail10_Hash_nodeISt4pairIKNSt7__cxx1112basic_stringIcSt11char_traitsIcESaIcEEEN7bluefin6SymbolEELb1EEEEPT_RSE_
FN:140,_ZSt9addressofINSt8__detail10_Hash_nodeISt4pairIKNSt7__cxx1112basic_stringIcSt11char_traitsIcESaIcEEEiELb1EEEEPT_RSC_
FNDA:0,_ZSt9addressofINSt8__detail10_Hash_nodeISt4pairIKNSt7__cxx1112basic_stringIcSt11char_traitsIcESaIcEEEiELb1EEEEPT_RSC_
DA:49,0
DA:50,0
DA:49,15
DA:50,15
DA:49,0
DA:50,0
DA:49,0
DA:50,0
DA:76,0
DA:77,0
DA:76,0
DA:77,0
DA:76,0
DA:77,0
DA:76,0
DA:77,0
DA:76,0
DA:77,0
DA:76,0
DA:77,0
DA:76,0
DA:77,0
DA:76,0
DA:77,0
DA:76,0
DA:77,0
DA:76,0
DA:77,0
DA:76,0
DA:77,0
DA:76,0
DA:77,0
DA:76,0
DA:77,0
DA:101,0
DA:102,0
DA:140,0
DA:141,0
DA:140,15
DA:141,15
DA:140,0
DA:141,0
DA:140,0
DA:141,0
end_of_record
SF:/usr/include/c++/10/bits/functional_hash.h
FN:195,_ZNSt10_Hash_impl4hashEPKvmm
FNDA:0,_ZNSt10_Hash_impl4hashEPKvmm
DA:195,0
DA:197,0
end_of_record
SF:/usr/include/c++/10/bits/ptr_traits.h
FN:146,_ZNSt14pointer_traitsIPNSt8__detail10_Hash_nodeISt4pairIKNSt7__cxx1112basic_stringIcSt11char_traitsIcESaIcEEEiELb1EEEE10pointer_toERSB_
FNDA:0,_ZNSt14pointer_traitsIPNSt8__detail10_Hash_nodeISt4pairIKNSt7__cxx1112basic_stringIcSt11char_traitsIcESaIcEEEiELb1EEEE10pointer_toERSB_
FN:146,_ZNSt14pointer_traitsIPNSt8__detail10_Hash_nodeISt4pairIKNSt7__cxx1112basic_stringIcSt11char_traitsIcESaIcEEEN7bluefin6SymbolEELb1EEEE10pointer_toERSD_
FNDA:15,_ZNSt14pointer_traitsIPNSt8__detail10_Hash_nodeISt4pairIKNSt7__cxx1112basic_stringIcSt11char_traitsIcESaIcEEEN7bluefin6SymbolEELb1EEEE10pointer_toERSD_
FN:146,_ZNSt14pointer_traitsIPNSt8__detail10_Hash_nodeISt4pairIKNSt7__cxx1112basic_stringIcSt11char_traitsIcESaIcEEEN7bluefin5TokenEELb1EEEE10pointer_toERSD_
FNDA:0,_ZNSt14pointer_traitsIPNSt8__detail10_Hash_nodeISt4pairIKNSt7__cxx1112basic_stringIcSt11char_traitsIcESaIcEEEN7bluefin5TokenEELb1EEEE10pointer_toERSD_
FN:146,_ZNSt14pointer_traitsIPPNSt8__detail15_Hash_node_baseEE10pointer_toERS2_
FNDA:0,_ZNSt14pointer_traitsIPPNSt8__detail15_Hash_node_baseEE10pointer_toERS2_
FN:156,_ZSt12__to_addressINSt8__detail10_Hash_nodeISt4pairIKNSt7__cxx1112basic_stringIcSt11char_traitsIcESaIcEEEN7bluefin5TokenEELb1EEEEPT_SF_
FNDA:0,_ZSt12__to_addressINSt8__detail10_Hash_nodeISt4pairIKNSt7__cxx1112basic_stringIcSt11char_traitsIcESaIcEEEN7bluefin5TokenEELb1EEEEPT_SF_
FN:156,_ZSt12__to_addressIPNSt8__detail15_Hash_node_baseEEPT_S4_
FNDA:0,_ZSt12__to_addressIPNSt8__detail15_Hash_node_baseEEPT_S4_
DA:146,0
DA:147,0
DA:146,15
DA:147,15
DA:146,0
DA:147,0
DA:146,0
DA:147,0
DA:156,0
DA:159,0
DA:156,0
DA:159,0
end_of_record
SF:/usr/include/c++/10/bits/stl_iterator_base_types.h
FN:238,_ZSt19__iterator_categoryIPcENSt15iterator_traitsIT_E17iterator_categoryERKS2_
FNDA:0,_ZSt19__iterator_categoryIPcENSt15iterator_traitsIT_E17iterator_categoryERKS2_
FN:238,_ZSt19__iterator_categoryIPKSt4pairIKNSt7__cxx1112basic_stringIcSt11char_traitsIcESaIcEEEN7bluefin5TokenEEENSt15iterator_traitsIT_E17iterator_categoryERKSE_
FNDA:0,_ZSt19__iterator_categoryIPKSt4pairIKNSt7__cxx1112basic_stringIcSt11char_traitsIcESaIcEEEN7bluefin5TokenEEENSt15iterator_traitsIT_E17iterator_categoryERKSE_
FN:238,_ZSt19__iterator_categoryIPKcENSt15iterator_traitsIT_E17iterator_categoryERKS3_
FNDA:0,_ZSt19__iterator_categoryIPKcENSt15iterator_traitsIT_E17iterator_categoryERKS3_
DA:238,0
DA:239,0
DA:238,0
DA:239,0
DA:238,0
DA:239,0
end_of_record
SF:/usr/include/c++/10/bits/hashtable.h
FN:265,_ZNSt10_HashtableINSt7__cxx1112basic_stringIcSt11char_traitsIcESaIcEEESt4pairIKS5_N7bluefin5TokenEESaISA_ENSt8__detail10_Select1stESt8equal_toIS5_ESt4hashIS5_ENSC_18_Mod_range_hashingENSC_20_Default_ranged_hashENSC_20_Prime_rehash_policyENSC_17_Hashtable_traitsILb1ELb0ELb1EEEE12_Scoped_nodeC2EPNSC_10_Hash_nodeISA_Lb1EEEPNSC_16_Hashtable_allocISaISQ_EEE
FNDA:0,_ZNSt10_HashtableINSt7__cxx1112basic_stringIcSt11char_traitsIcESaIcEEESt4pairIKS5_N7bluefin5TokenEESaISA_ENSt8__detail10_Select1stESt8equal_toIS5_ESt4hashIS5_ENSC_18_Mod_range_hashingENSC_20_Default_ranged_hashENSC_20_Prime_rehash_policyENSC_17_Hashtable_traitsILb1ELb0ELb1EEEE12_Scoped_nodeC2EPNSC_10_Hash_nodeISA_Lb1EEEPNSC_16_Hashtable_allocISaISQ_EEE
FN:276,_ZNSt10_HashtableINSt7__cxx1112basic_stringIcSt11char_traitsIcESaIcEEESt4pairIKS5_N7bluefin5TokenEESaISA_ENSt8__detail10_Select1stESt8equal_toIS5_ESt4hashIS5_ENSC_18_Mod_range_hashingENSC_20_Default_ranged_hashENSC_20_Prime_rehash_policyENSC_17_Hashtable_traitsILb1ELb0ELb1EEEE12_Scoped_nodeD2Ev
FNDA:0,_ZNSt10_HashtableINSt7__cxx1112basic_stringIcSt11char_traitsIcESaIcEEESt4pairIKS5_N7bluefin5TokenEESaISA_ENSt8__detail10_Select1stESt8equal_toIS5_ESt4hashIS5_ENSC_18_Mod_range_hashingENSC_20_Default_ranged_hashENSC_20_Prime_rehash_policyENSC_17_Hashtable_traitsILb1ELb0ELb1EEEE12_Scoped_nodeD2Ev
FN:379,_ZNKSt10_HashtableINSt7__cxx1112basic_stringIcSt11char_traitsIcESaIcEEESt4pairIKS5_N7bluefin5TokenEESaISA_ENSt8__detail10_Select1stESt8equal_toIS5_ESt4hashIS5_ENSC_18_Mod_range_hashingENSC_20_Default_ranged_hashENSC_20_Prime_rehash_policyENSC_17_Hashtable_traitsILb1ELb0ELb1EEEE21_M_uses_single_bucketEPPNSC_15_Hash_node_baseE
FNDA:0,_ZNKSt10_HashtableINSt7__cxx1112basic_stringIcSt11char_traitsIcESaIcEEESt4pairIKS5_N7bluefin5TokenEESaISA_ENSt8__detail10_Select1stESt8equal_toIS5_ESt4hashIS5_ENSC_18_Mod_range_hashingENSC_20_Default_ranged_hashENSC_20_Prime_rehash_policyENSC_17_Hashtable_traitsILb1ELb0ELb1EEEE21_M_uses_single_bucketEPPNSC_15_Hash_node_baseE
FN:379,_ZNKSt10_HashtableINSt7__cxx1112basic_stringIcSt11char_traitsIcESaIcEEESt4pairIKS5_N7bluefin6SymbolEESaISA_ENSt8__detail10_Select1stESt8equal_toIS5_ESt4hashIS5_ENSC_18_Mod_range_hashingENSC_20_Default_ranged_hashENSC_20_Prime_rehash_policyENSC_17_Hashtable_traitsILb1ELb0ELb1EEEE21_M_uses_single_bucketEPPNSC_15_Hash_node_baseE
FNDA:12,_ZNKSt10_HashtableINSt7__cxx1112basic_stringIcSt11char_traitsIcESaIcEEESt4pairIKS5_N7bluefin6SymbolEESaISA_ENSt8__detail10_Select1stESt8equal_toIS5_ESt4hashIS5_ENSC_18_Mod_range_hashingENSC_20_Default_ranged_hashENSC_20_Prime_rehash_policyENSC_17_Hashtable_traitsILb1ELb0ELb1EEEE21_M_uses_single_bucketEPPNSC_15_Hash_node_baseE
FN:379,_ZNKSt10_HashtableINSt7__cxx1112basic_stringIcSt11char_traitsIcESaIcEEESt4pairIKS5_iESaIS8_ENSt8__detail10_Select1stESt8equal_toIS5_ESt4hashIS5_ENSA_18_Mod_range_hashingENSA_20_Default_ranged_hashENSA_20_Prime_rehash_policyENSA_17_Hashtable_traitsILb1ELb0ELb1EEEE21_M_uses_single_bucketEPPNSA_15_Hash_node_baseE
FNDA:0,_ZNKSt10_HashtableINSt7__cxx1112basic_stringIcSt11char_traitsIcESaIcEEESt4pairIKS5_iESaIS8_ENSt8__detail10_Select1stESt8equal_toIS5_ESt4hashIS5_ENSA_18_Mod_range_hashingENSA_20_Default_ranged_hashENSA_20_Prime_rehash_policyENSA_17_Hashtable_traitsILb1ELb0ELb1EEEE21_M_uses_single_bucketEPPNSA_15_Hash_node_baseE
FN:390,_ZNSt10_HashtableINSt7__cxx1112basic_stringIcSt11char_traitsIcESaIcEEESt4pairIKS5_N7bluefin5TokenEESaISA_ENSt8__detail10_Select1stESt8equal_toIS5_ESt4hashIS5_ENSC_18_Mod_range_hashingENSC_20_Default_ranged_hashENSC_20_Prime_rehash_policyENSC_17_Hashtable_traitsILb1ELb0ELb1EEEE19_M_allocate_bucketsEm
FNDA:0,_ZNSt10_HashtableINSt7__cxx1112basic_stringIcSt11char_traitsIcESaIcEEESt4pairIKS5_N7bluefin5TokenEESaISA_ENSt8__detail10_Select1stESt8equal_toIS5_ESt4hashIS5_ENSC_18_Mod_range_hashingENSC_20_Default_ranged_hashENSC_20_Prime_rehash_policyENSC_17_Hashtable_traitsILb1ELb0ELb1EEEE19_M_allocate_bucketsEm
FN:402,_ZNSt10_HashtableINSt7__cxx1112basic_stringIcSt11char_traitsIcESaIcEEESt4pairIKS5_N7bluefin5TokenEESaISA_ENSt8__detail10_Select1stESt8equal_toIS5_ESt4hashIS5_ENSC_18_Mod_range_hashingENSC_20_Default_ranged_hashENSC_20_Prime_rehash_policyENSC_17_Hashtable_traitsILb1ELb0ELb1EEEE21_M_deallocate_bucketsEPPNSC_15_Hash_node_baseEm
FNDA:0,_ZNSt10_HashtableINSt7__cxx1112basic_stringIcSt11char_traitsIcESaIcEEESt4pairIKS5_N7bluefin5TokenEESaISA_ENSt8__detail10_Select1stESt8equal_toIS5_ESt4hashIS5_ENSC_18_Mod_range_hashingENSC_20_Default_ranged_hashENSC_20_Prime_rehash_policyENSC_17_Hashtable_traitsILb1ELb0ELb1EEEE21_M_deallocate_bucketsEPPNSC_15_Hash_node_baseEm
FN:402,_ZNSt10_HashtableINSt7__cxx1112basic_stringIcSt11char_traitsIcESaIcEEESt4pairIKS5_N7bluefin6SymbolEESaISA_ENSt8__detail10_Select1stESt8equal_toIS5_ESt4hashIS5_ENSC_18_Mod_range_hashingENSC_20_Default_ranged_hashENSC_20_Prime_rehash_policyENSC_17_Hashtable_traitsILb1ELb0ELb1EEEE21_M_deallocate_bucketsEPPNSC_15_Hash_node_baseEm
FNDA:12,_ZNSt10_HashtableINSt7__cxx1112basic_stringIcSt11char_traitsIcESaIcEEESt4pairIKS5_N7bluefin6SymbolEESaISA_ENSt8__detail10_Select1stESt8equal_toIS5_ESt4hashIS5_ENSC_18_Mod_range_hashingENSC_20_Default_ranged_hashENSC_20_Prime_rehash_policyENSC_17_Hashtable_traitsILb1ELb0ELb1EEEE21_M_deallocate_bucketsEPPNSC_15_Hash_node_baseEm
FN:402,_ZNSt10_HashtableINSt7__cxx1112basic_stringIcSt11char_traitsIcESaIcEEESt4pairIKS5_iESaIS8_ENSt8__detail10_Select1stESt8equal_toIS5_ESt4hashIS5_ENSA_18_Mod_range_hashingENSA_20_Default_ranged_hashENSA_20_Prime_rehash_policyENSA_17_Hashtable_traitsILb1ELb0ELb1EEEE21_M_deallocate_bucketsEPPNSA_15_Hash_node_baseEm
FNDA:0,_ZNSt10_HashtableINSt7__cxx1112basic_stringIcSt11char_traitsIcESaIcEEESt4pairIKS5_iESaIS8_ENSt8__detail10_Select1stESt8equal_toIS5_ESt4hashIS5_ENSA_18_Mod_range_hashingENSA_20_Default_ranged_hashENSA_20_Prime_rehash_policyENSA_17_Hashtable_traitsILb1ELb0ELb1EEEE21_M_deallocate_bucketsEPPNSA_15_Hash_node_baseEm
FN:411,_ZNSt10_HashtableINSt7__cxx1112basic_stringIcSt11char_traitsIcESaIcEEESt4pairIKS5_N7bluefin6SymbolEESaISA_ENSt8__detail10_Select1stESt8equal_toIS5_ESt4hashIS5_ENSC_18_Mod_range_hashingENSC_20_Default_ranged_hashENSC_20_Prime_rehash_policyENSC_17_Hashtable_traitsILb1ELb0ELb1EEEE21_M_deallocate_bucketsEv
FNDA:12,_ZNSt10_HashtableINSt7__cxx1112basic_stringIcSt11char_traitsIcESaIcEEESt4pairIKS5_N7bluefin6SymbolEESaISA_ENSt8__detail10_Select1stESt8equal_toIS5_ESt4hashIS5_ENSC_18_Mod_range_hashingENSC_20_Default_ranged_hashENSC_20_Prime_rehash_policyENSC_17_Hashtable_traitsILb1ELb0ELb1EEEE21_M_deallocate_bucketsEv
FN:411,_ZNSt10_HashtableINSt7__cxx1112basic_stringIcSt11char_traitsIcESaIcEEESt4pairIKS5_iESaIS8_ENSt8__detail10_Select1stESt8equal_toIS5_ESt4hashIS5_ENSA_18_Mod_range_hashingENSA_20_Default_ranged_hashENSA_20_Prime_rehash_policyENSA_17_Hashtable_traitsILb1ELb0ELb1EEEE21_M_deallocate_bucketsEv
FNDA:0,_ZNSt10_HashtableINSt7__cxx1112basic_stringIcSt11char_traitsIcESaIcEEESt4pairIKS5_iESaIS8_ENSt8__detail10_Select1stESt8equal_toIS5_ESt4hashIS5_ENSA_18_Mod_range_hashingENSA_20_Default_ranged_hashENSA_20_Prime_rehash_policyENSA_17_Hashtable_traitsILb1ELb0ELb1EEEE21_M_deallocate_bucketsEv
FN:411,_ZNSt10_HashtableINSt7__cxx1112basic_stringIcSt11char_traitsIcESaIcEEESt4pairIKS5_N7bluefin5TokenEESaISA_ENSt8__detail10_Select1stESt8equal_toIS5_ESt4hashIS5_ENSC_18_Mod_range_hashingENSC_20_Default_ranged_hashENSC_20_Prime_rehash_policyENSC_17_Hashtable_traitsILb1ELb0ELb1EEEE21_M_deallocate_bucketsEv
FNDA:0,_ZNSt10_HashtableINSt7__cxx1112basic_stringIcSt11char_traitsIcESaIcEEESt4pairIKS5_N7bluefin5TokenEESaISA_ENSt8__detail10_Select1stESt8equal_toIS5_ESt4hashIS5_ENSC_18_Mod_range_hashingENSC_20_Default_ranged_hashENSC_20_Prime_rehash_policyENSC_17_Hashtable_traitsILb1ELb0ELb1EEEE21_M_deallocate_bucketsEv
FN:420,_ZNKSt10_HashtableINSt7__cxx1112basic_stringIcSt11char_traitsIcESaIcEEESt4pairIKS5_N7bluefin5TokenEESaISA_ENSt8__detail10_Select1stESt8equal_toIS5_ESt4hashIS5_ENSC_18_Mod_range_hashingENSC_20_Default_ranged_hashENSC_20_Prime_rehash_policyENSC_17_Hashtable_traitsILb1ELb0ELb1EEEE8_M_beginEv
FNDA:0,_ZNKSt10_HashtableINSt7__cxx1112basic_stringIcSt11char_traitsIcESaIcEEESt4pairIKS5_N7bluefin5TokenEESaISA_ENSt8__detail10_Select1stESt8equal_toIS5_ESt4hashIS5_ENSC_18_Mod_range_hashingENSC_20_Default_ranged_hashENSC_20_Prime_rehash_policyENSC_17_Hashtable_traitsILb1ELb0ELb1EEEE8_M_beginEv
FN:420,_ZNKSt10_HashtableINSt7__cxx1112basic_stringIcSt11char_traitsIcESaIcEEESt4pairIKS5_iESaIS8_ENSt8__detail10_Select1stESt8equal_toIS5_ESt4hashIS5_ENSA_18_Mod_range_hashingENSA_20_Default_ranged_hashENSA_20_Prime_rehash_policyENSA_17_Hashtable_traitsILb1ELb0ELb1EEEE8_M_beginEv
FNDA:0,_ZNKSt10_HashtableINSt7__cxx1112basic_stringIcSt11char_traitsIcESaIcEEESt4pairIKS5_iESaIS8_ENSt8__detail10_Select1stESt8equal_toIS5_ESt4hashIS5_ENSA_18_Mod_range_hashingENSA_20_Default_ranged_hashENSA_20_Prime_rehash_policyENSA_17_Hashtable_traitsILb1ELb0ELb1EEEE8_M_beginEv
FN:420,_ZNKSt10_HashtableINSt7__cxx1112basic_stringIcSt11char_traitsIcESaIcEEESt4pairIKS5_N7bluefin6SymbolEESaISA_ENSt8__detail10_Select1stESt8equal_toIS5_ESt4hashIS5_ENSC_18_Mod_range_hashingENSC_20_Default_ranged_hashENSC_20_Prime_rehash_policyENSC_17_Hashtable_traitsILb1ELb0ELb1EEEE8_M_beginEv
FNDA:12,_ZNKSt10_HashtableINSt7__cxx1112basic_stringIcSt11char_traitsIcESaIcEEESt4pairIKS5_N7bluefin6SymbolEESaISA_ENSt8__detail10_Select1stESt8equal_toIS5_ESt4hashIS5_ENSC_18_Mod_range_hashingENSC_20_Default_ranged_hashENSC_20_Prime_rehash_policyENSC_17_Hashtable_traitsILb1ELb0ELb1EEEE8_M_beginEv
FN:442,_ZNSt10_HashtableINSt7__cxx1112basic_stringIcSt11char_traitsIcESaIcEEESt4pairIKS5_N7bluefin5TokenEESaISA_ENSt8__detail10_Select1stESt8equal_toIS5_ESt4hashIS5_ENSC_18_Mod_range_hashingENSC_20_Default_ranged_hashENSC_20_Prime_rehash_policyENSC_17_Hashtable_traitsILb1ELb0ELb1EEEEC2ERKSH_RKSI_RKSJ_RKSF_RKSD_RKSB_
FNDA:0,_ZNSt10_HashtableINSt7__cxx1112basic_stringIcSt11char_traitsIcESaIcEEESt4pairIKS5_N7bluefin5TokenEESaISA_ENSt8__detail10_Select1stESt8equal_toIS5_ESt4hashIS5_ENSC_18_Mod_range_hashingENSC_20_Default_ranged_hashENSC_20_Prime_rehash_policyENSC_17_Hashtable_traitsILb1ELb0ELb1EEEEC2ERKSH_RKSI_RKSJ_RKSF_RKSD_RKSB_
FN:497,_ZNSt10_HashtableINSt7__cxx1112basic_stringIcSt11char_traitsIcESaIcEEESt4pairIKS5_N7bluefin5TokenEESaISA_ENSt8__detail10_Select1stESt8equal_toIS5_ESt4hashIS5_ENSC_18_Mod_range_hashingENSC_20_Default_ranged_hashENSC_20_Prime_rehash_policyENSC_17_Hashtable_traitsILb1ELb0ELb1EEEEC2ESt16initializer_listISA_EmRKSH_RKSF_RKSB_
FNDA:0,_ZNSt10_HashtableINSt7__cxx1112basic_stringIcSt11char_traitsIcESaIcEEESt4pairIKS5_N7bluefin5TokenEESaISA_ENSt8__detail10_Select1stESt8equal_toIS5_ESt4hashIS5_ENSC_18_Mod_range_hashingENSC_20_Default_ranged_hashENSC_20_Prime_rehash_policyENSC_17_Hashtable_traitsILb1ELb0ELb1EEEEC2ESt16initializer_listISA_EmRKSH_RKSF_RKSB_
FN:677,_ZNKSt10_HashtableINSt7__cxx1112basic_stringIcSt11char_traitsIcESaIcEEESt4pairIKS5_N7bluefin5TokenEESaISA_ENSt8__detail10_Select1stESt8equal_toIS5_ESt4hashIS5_ENSC_18_Mod_range_hashingENSC_20_Default_ranged_hashENSC_20_Prime_rehash_policyENSC_17_Hashtable_traitsILb1ELb0ELb1EEEE15_M_bucket_indexEPNSC_10_Hash_nodeISA_Lb1EEE
FNDA:0,_ZNKSt10_HashtableINSt7__cxx1112basic_stringIcSt11char_traitsIcESaIcEEESt4pairIKS5_N7bluefin5TokenEESaISA_ENSt8__detail10_Select1stESt8equal_toIS5_ESt4hashIS5_ENSC_18_Mod_range_hashingENSC_20_Default_ranged_hashENSC_20_Prime_rehash_policyENSC_17_Hashtable_traitsILb1ELb0ELb1EEEE15_M_bucket_indexEPNSC_10_Hash_nodeISA_Lb1EEE
FN:681,_ZNKSt10_HashtableINSt7__cxx1112basic_stringIcSt11char_traitsIcESaIcEEESt4pairIKS5_N7bluefin5TokenEESaISA_ENSt8__detail10_Select1stESt8equal_toIS5_ESt4hashIS5_ENSC_18_Mod_range_hashingENSC_20_Default_ranged_hashENSC_20_Prime_rehash_policyENSC_17_Hashtable_traitsILb1ELb0ELb1EEEE15_M_bucket_indexERS7_m
FNDA:0,_ZNKSt10_HashtableINSt7__cxx1112basic_stringIcSt11char_traitsIcESaIcEEESt4pairIKS5_N7bluefin5TokenEESaISA_ENSt8__detail10_Select1stESt8equal_toIS5_ESt4hashIS5_ENSC_18_Mod_range_hashingENSC_20_Default_ranged_hashENSC_20_Prime_rehash_policyENSC_17_Hashtable_traitsILb1ELb0ELb1EEEE15_M_bucket_indexERS7_m
FN:690,_ZNKSt10_HashtableINSt7__cxx1112basic_stringIcSt11char_traitsIcESaIcEEESt4pairIKS5_N7bluefin5TokenEESaISA_ENSt8__detail10_Select1stESt8equal_toIS5_ESt4hashIS5_ENSC_18_Mod_range_hashingENSC_20_Default_ranged_hashENSC_20_Prime_rehash_policyENSC_17_Hashtable_traitsILb1ELb0ELb1EEEE12_M_find_nodeEmRS7_m
FNDA:0,_ZNKSt10_HashtableINSt7__cxx1112basic_stringIcSt11char_traitsIcESaIcEEESt4pairIKS5_N7bluefin5TokenEESaISA_ENSt8__detail10_Select1stESt8equal_toIS5_ESt4hashIS5_ENSC_18_Mod_range_hashingENSC_20_Default_ranged_hashENSC_20_Prime_rehash_policyENSC_17_Hashtable_traitsILb1ELb0ELb1EEEE12_M_find_nodeEmRS7_m
FN:1015,_ZNSt10_HashtableINSt7__cxx1112basic_stringIcSt11char_traitsIcESaIcEEESt4pairIKS5_N7bluefin5TokenEESaISA_ENSt8__detail10_Select1stESt8equal_toIS5_ESt4hashIS5_ENSC_18_Mod_range_hashingENSC_20_Default_ranged_hashENSC_20_Prime_rehash_policyENSC_17_Hashtable_traitsILb1ELb0ELb1EEEEC2IPKSA_EET_SR_mRKSH_RKSI_RKSJ_RKSF_RKSD_RKSB_
FNDA:0,_ZNSt10_HashtableINSt7__cxx1112basic_stringIcSt11char_traitsIcESaIcEEESt4pairIKS5_N7bluefin5TokenEESaISA_ENSt8__detail10_Select1stESt8equal_toIS5_ESt4hashIS5_ENSC_18_Mod_range_hashingENSC_20_Default_ranged_hashENSC_20_Prime_rehash_policyENSC_17_Hashtable_traitsILb1ELb0ELb1EEEEC2IPKSA_EET_SR_mRKSH_RKSI_RKSJ_RKSF_RKSD_RKSB_
FN:1383,_ZNSt10_HashtableINSt7__cxx1112basic_stringIcSt11char_traitsIcESaIcEEESt4pairIKS5_iESaIS8_ENSt8__detail10_Select1stESt8equal_toIS5_ESt4hashIS5_ENSA_18_Mod_range_hashingENSA_20_Default_ranged_hashENSA_20_Prime_rehash_policyENSA_17_Hashtable_traitsILb1ELb0ELb1EEEED2Ev
FNDA:0,_ZNSt10_HashtableINSt7__cxx1112basic_stringIcSt11char_traitsIcESaIcEEESt4pairIKS5_iESaIS8_ENSt8__detail10_Select1stESt8equal_toIS5_ESt4hashIS5_ENSA_18_Mod_range_hashingENSA_20_Default_ranged_hashENSA_20_Prime_rehash_policyENSA_17_Hashtable_traitsILb1ELb0ELb1EEEED2Ev
FN:1383,_ZNSt10_HashtableINSt7__cxx1112basic_stringIcSt11char_traitsIcESaIcEEESt4pairIKS5_N7bluefin6SymbolEESaISA_ENSt8__detail10_Select1stESt8equal_toIS5_ESt4hashIS5_ENSC_18_Mod_range_hashingENSC_20_Default_ranged_hashENSC_20_Prime_rehash_policyENSC_17_Hashtable_traitsILb1ELb0ELb1EEEED2Ev
FNDA:6,_ZNSt10_HashtableINSt7__cxx1112basic_stringIcSt11char_traitsIcESaIcEEESt4pairIKS5_N7bluefin6SymbolEESaISA_ENSt8__detail10_Select1stESt8equal_toIS5_ESt4hashIS5_ENSC_18_Mod_range_hashingENSC_20_Default_ranged_hashENSC_20_Prime_rehash_policyENSC_17_Hashtable_traitsILb1ELb0ELb1EEEED2Ev
FN:1383,_ZNSt10_HashtableINSt7__cxx1112basic_stringIcSt11char_traitsIcESaIcEEESt4pairIKS5_N7bluefin5TokenEESaISA_ENSt8__detail10_Select1stESt8equal_toIS5_ESt4hashIS5_ENSC_18_Mod_range_hashingENSC_20_Default_ranged_hashENSC_20_Prime_rehash_policyENSC_17_Hashtable_traitsILb1ELb0ELb1EEEED2Ev
FNDA:0,_ZNSt10_HashtableINSt7__cxx1112basic_stringIcSt11char_traitsIcESaIcEEESt4pairIKS5_N7bluefin5TokenEESaISA_ENSt8__detail10_Select1stESt8equal_toIS5_ESt4hashIS5_ENSC_18_Mod_range_hashingENSC_20_Default_ranged_hashENSC_20_Prime_rehash_policyENSC_17_Hashtable_traitsILb1ELb0ELb1EEEED2Ev
FN:1567,_ZNKSt10_HashtableINSt7__cxx1112basic_stringIcSt11char_traitsIcESaIcEEESt4pairIKS5_N7bluefin5TokenEESaISA_ENSt8__detail10_Select1stESt8equal_toIS5_ESt4hashIS5_ENSC_18_Mod_range_hashingENSC_20_Default_ranged_hashENSC_20_Prime_rehash_policyENSC_17_Hashtable_traitsILb1ELb0ELb1EEEE19_M_find_before_nodeEmRS7_m
FNDA:0,_ZNKSt10_HashtableINSt7__cxx1112basic_stringIcSt11char_traitsIcESaIcEEESt4pairIKS5_N7bluefin5TokenEESaISA_ENSt8__detail10_Select1stESt8equal_toIS5_ESt4hashIS5_ENSC_18_Mod_range_hashingENSC_20_Default_ranged_hashENSC_20_Prime_rehash_policyENSC_17_Hashtable_traitsILb1ELb0ELb1EEEE19_M_find_before_nodeEmRS7_m
FN:1595,_ZNSt10_HashtableINSt7__cxx1112basic_stringIcSt11char_traitsIcESaIcEEESt4pairIKS5_N7bluefin5TokenEESaISA_ENSt8__detail10_Select1stESt8equal_toIS5_ESt4hashIS5_ENSC_18_Mod_range_hashingENSC_20_Default_ranged_hashENSC_20_Prime_rehash_policyENSC_17_Hashtable_traitsILb1ELb0ELb1EEEE22_M_insert_bucket_beginEmPNSC_10_Hash_nodeISA_Lb1EEE
FNDA:0,_ZNSt10_HashtableINSt7__cxx1112basic_stringIcSt11char_traitsIcESaIcEEESt4pairIKS5_N7bluefin5TokenEESaISA_ENSt8__detail10_Select1stESt8equal_toIS5_ESt4hashIS5_ENSC_18_Mod_range_hashingENSC_20_Default_ranged_hashENSC_20_Prime_rehash_policyENSC_17_Hashtable_traitsILb1ELb0ELb1EEEE22_M_insert_bucket_beginEmPNSC_10_Hash_nodeISA_Lb1EEE
FN:1714,_ZNSt10_HashtableINSt7__cxx1112basic_stringIcSt11char_traitsIcESaIcEEESt4pairIKS5_N7bluefin5TokenEESaISA_ENSt8__detail10_Select1stESt8equal_toIS5_ESt4hashIS5_ENSC_18_Mod_range_hashingENSC_20_Default_ranged_hashENSC_20_Prime_rehash_policyENSC_17_Hashtable_traitsILb1ELb0ELb1EEEE21_M_insert_unique_nodeERS7_mmPNSC_10_Hash_nodeISA_Lb1EEEm
FNDA:0,_ZNSt10_HashtableINSt7__cxx1112basic_stringIcSt11char_traitsIcESaIcEEESt4pairIKS5_N7bluefin5TokenEESaISA_ENSt8__detail10_Select1stESt8equal_toIS5_ESt4hashIS5_ENSC_18_Mod_range_hashingENSC_20_Default_ranged_hashENSC_20_Prime_rehash_policyENSC_17_Hashtable_traitsILb1ELb0ELb1EEEE21_M_insert_unique_nodeERS7_mmPNSC_10_Hash_nodeISA_Lb1EEEm
FN:1800,_ZNSt10_HashtableINSt7__cxx1112basic_stringIcSt11char_traitsIcESaIcEEESt4pairIKS5_N7bluefin5TokenEESaISA_ENSt8__detail10_Select1stESt8equal_toIS5_ESt4hashIS5_ENSC_18_Mod_range_hashingENSC_20_Default_ranged_hashENSC_20_Prime_rehash_policyENSC_17_Hashtable_traitsILb1ELb0ELb1EEEE9_M_insertIRKSA_NSC_10_AllocNodeISaINSC_10_Hash_nodeISA_Lb1EEEEEEEES6_INSC_14_Node_iteratorISA_Lb0ELb1EEEbEOT_RKT0_St17integral_constantIbLb1EEm
[...]
FNDA:18,_ZNSt12_Vector_baseISt17reference_wrapperIN7bluefin3ASTEESaIS3_EE12_Vector_implC2ERKS4_
FN:276,_ZNSt12_Vector_baseISt17reference_wrapperIN7bluefin3ASTEESaIS3_EE19_M_get_Tp_allocatorEv
FNDA:120,_ZNSt12_Vector_baseISt17reference_wrapperIN7bluefin3ASTEESaIS3_EE19_M_get_Tp_allocatorEv
FN:280,_ZNKSt12_Vector_baseISt17reference_wrapperIN7bluefin3ASTEESaIS3_EE19_M_get_Tp_allocatorEv
FNDA:66,_ZNKSt12_Vector_baseISt17reference_wrapperIN7bluefin3ASTEESaIS3_EE19_M_get_Tp_allocatorEv
FN:293,_ZNSt12_Vector_baseISt17reference_wrapperIN7bluefin3ASTEESaIS3_EEC2ERKS4_
FNDA:18,_ZNSt12_Vector_baseISt17reference_wrapperIN7bluefin3ASTEESaIS3_EEC2ERKS4_
FN:333,_ZNSt12_Vector_baseISt17reference_wrapperIN7bluefin3ASTEESaIS3_EED2Ev
FNDA:18,_ZNSt12_Vector_baseISt17reference_wrapperIN7bluefin3ASTEESaIS3_EED2Ev
FN:343,_ZNSt12_Vector_baseISt17reference_wrapperIN7bluefin3ASTEESaIS3_EE11_M_allocateEm
FNDA:51,_ZNSt12_Vector_baseISt17reference_wrapperIN7bluefin3ASTEESaIS3_EE11_M_allocateEm
FN:350,_ZNSt12_Vector_baseISt17reference_wrapperIN7bluefin3ASTEESaIS3_EE13_M_deallocateEPS3_m
FNDA:51,_ZNSt12_Vector_baseISt17reference_wrapperIN7bluefin3ASTEESaIS3_EE13_M_deallocateEPS3_m
FN:453,_ZNSt6vectorISt17reference_wrapperIN7bluefin3ASTEESaIS3_EE14_S_do_relocateEPS3_S6_S6_RS4_St17integral_constantIbLb1EE
FNDA:66,_ZNSt6vectorISt17reference_wrapperIN7bluefin3ASTEESaIS3_EE14_S_do_relocateEPS3_S6_S6_RS4_St17integral_constantIbLb1EE
FN:465,_ZNSt6vectorISt17reference_wrapperIN7bluefin3ASTEESaIS3_EE11_S_relocateEPS3_S6_S6_RS4_
FNDA:66,_ZNSt6vectorISt17reference_wrapperIN7bluefin3ASTEESaIS3_EE11_S_relocateEPS3_S6_S6_RS4_
FN:625,_ZNSt6vectorISt17reference_wrapperIN7bluefin3ASTEESaIS3_EEC2ESt16initializer_listIS3_ERKS4_
FNDA:18,_ZNSt6vectorISt17reference_wrapperIN7bluefin3ASTEESaIS3_EEC2ESt16initializer_listIS3_ERKS4_
FN:678,_ZNSt6vectorISt17reference_wrapperIN7bluefin3ASTEESaIS3_EED2Ev
FNDA:18,_ZNSt6vectorISt17reference_wrapperIN7bluefin3ASTEESaIS3_EED2Ev
FN:811,_ZNSt6vectorISt17reference_wrapperIN7bluefin3ASTEESaIS3_EE5beginEv
FNDA:39,_ZNSt6vectorISt17reference_wrapperIN7bluefin3ASTEESaIS3_EE5beginEv
FN:829,_ZNSt6vectorISt17reference_wrapperIN7bluefin3ASTEESaIS3_EE3endEv
FNDA:72,_ZNSt6vectorISt17reference_wrapperIN7bluefin3ASTEESaIS3_EE3endEv
FN:918,_ZNKSt6vectorISt17reference_wrapperIN7bluefin3ASTEESaIS3_EE4sizeEv
FNDA:132,_ZNKSt6vectorISt17reference_wrapperIN7bluefin3ASTEESaIS3_EE4sizeEv
FN:923,_ZNKSt6vectorISt17reference_wrapperIN7bluefin3ASTEESaIS3_EE8max_sizeEv
FNDA:66,_ZNKSt6vectorISt17reference_wrapperIN7bluefin3ASTEESaIS3_EE8max_sizeEv
FN:1143,_ZNSt6vectorISt17reference_wrapperIN7bluefin3ASTEESaIS3_EE4backEv
FNDA:33,_ZNSt6vectorISt17reference_wrapperIN7bluefin3ASTEESaIS3_EE4backEv
FN:1203,_ZNSt6vectorISt17reference_wrapperIN7bluefin3ASTEESaIS3_EE9push_backEOS3_
FNDA:33,_ZNSt6vectorISt17reference_wrapperIN7bluefin3ASTEESaIS3_EE9push_backEOS3_
FN:1577,_ZNSt6vectorISt17reference_wrapperIN7bluefin3ASTEESaIS3_EE19_M_range_initializeIPKS3_EEvT_S9_St20forward_iterator_tag
FNDA:18,_ZNSt6vectorISt17reference_wrapperIN7bluefin3ASTEESaIS3_EE19_M_range_initializeIPKS3_EEvT_S9_St20forward_iterator_tag
FN:1756,_ZNKSt6vectorISt17reference_wrapperIN7bluefin3ASTEESaIS3_EE12_M_check_lenEmPKc
FNDA:33,_ZNKSt6vectorISt17reference_wrapperIN7bluefin3ASTEESaIS3_EE12_M_check_lenEmPKc
FN:1767,_ZNSt6vectorISt17reference_wrapperIN7bluefin3ASTEESaIS3_EE17_S_check_init_lenEmRKS4_
FNDA:18,_ZNSt6vectorISt17reference_wrapperIN7bluefin3ASTEESaIS3_EE17_S_check_init_lenEmRKS4_
FN:1776,_ZNSt6vectorISt17reference_wrapperIN7bluefin3ASTEESaIS3_EE11_S_max_sizeERKS4_
FNDA:84,_ZNSt6vectorISt17reference_wrapperIN7bluefin3ASTEESaIS3_EE11_S_max_sizeERKS4_
DA:97,54
DA:98,54
DA:99,54
DA:136,18
DA:137,18
DA:138,18
DA:276,120
DA:277,120
DA:280,66
DA:281,66
DA:293,18
DA:294,18
DA:333,18
DA:335,18
DA:336,18
DA:337,18
DA:343,51
DA:346,51
DA:350,51
DA:353,51
DA:354,39
DA:355,51
DA:453,66
DA:456,66
DA:465,66
DA:469,66
DA:625,18
DA:626,18
DA:627,18
DA:629,18
DA:630,18
DA:631,18
DA:678,18
DA:680,18
DA:681,18
DA:683,18
DA:811,39
DA:812,39
DA:829,72
DA:830,72
DA:918,132
DA:919,132
DA:923,66
DA:924,66
DA:1143,33
DA:1146,33
DA:1203,33
DA:1204,33
DA:1577,18
DA:1580,18
DA:1582,18
DA:1583,18
DA:1584,18
DA:1585,18
DA:1587,18
DA:1588,18
DA:1756,33
DA:1758,33
DA:1759,0
DA:1761,33
DA:1762,33
DA:1767,18
DA:1769,18
DA:1770,0
DA:1772,18
DA:1776,84
DA:1781,84
DA:1783,84
DA:1784,84
end_of_record
SF:/usr/include/c++/10/bits/stl_uninitialized.h
FN:84,_ZNSt20__uninitialized_copyILb0EE13__uninit_copyIPKSt17reference_wrapperIN7bluefin3ASTEEPS5_EET0_T_SA_S9_
FNDA:18,_ZNSt20__uninitialized_copyILb0EE13__uninit_copyIPKSt17reference_wrapperIN7bluefin3ASTEEPS5_EET0_T_SA_S9_
FN:125,_ZSt18uninitialized_copyIPKSt17reference_wrapperIN7bluefin3ASTEEPS3_ET0_T_S8_S7_
FNDA:18,_ZSt18uninitialized_copyIPKSt17reference_wrapperIN7bluefin3ASTEEPS3_ET0_T_S8_S7_
FN:323,_ZSt22__uninitialized_copy_aIPKSt17reference_wrapperIN7bluefin3ASTEEPS3_S3_ET0_T_S8_S7_RSaIT1_E
FNDA:18,_ZSt22__uninitialized_copy_aIPKSt17reference_wrapperIN7bluefin3ASTEEPS3_S3_ET0_T_S8_S7_RSaIT1_E
FN:968,_ZSt19__relocate_object_aISt17reference_wrapperIN7bluefin3ASTEES3_SaIS3_EEvPT_PT0_RT1_
FNDA:27,_ZSt19__relocate_object_aISt17reference_wrapperIN7bluefin3ASTEES3_SaIS3_EEvPT_PT0_RT1_
FN:1000,_ZSt14__relocate_a_1IPSt17reference_wrapperIN7bluefin3ASTEES4_SaIS3_EET0_T_S7_S6_RT1_
FNDA:66,_ZSt14__relocate_a_1IPSt17reference_wrapperIN7bluefin3ASTEES4_SaIS3_EET0_T_S7_S6_RT1_
FN:1022,_ZSt12__relocate_aIPSt17reference_wrapperIN7bluefin3ASTEES4_SaIS3_EET0_T_S7_S6_RT1_
FNDA:66,_ZSt12__relocate_aIPSt17reference_wrapperIN7bluefin3ASTEES4_SaIS3_EET0_T_S7_S6_RT1_
DA:84,18
DA:87,18
DA:90,36
DA:91,18
DA:92,18
DA:125,18
DA:144,18
DA:150,18
DA:323,18
DA:325,18
DA:968,27
DA:976,27
DA:977,27
DA:978,27
DA:1000,66
DA:1012,66
DA:1013,93
DA:1014,27
DA:1016,66
DA:1022,66
DA:1028,66
DA:1030,66
end_of_record
SF:/usr/include/c++/10/bits/stl_iterator_base_types.h
FN:238,_ZSt19__iterator_categoryIPcENSt15iterator_traitsIT_E17iterator_categoryERKS2_
FNDA:0,_ZSt19__iterator_categoryIPcENSt15iterator_traitsIT_E17iterator_categoryERKS2_
FN:238,_ZSt19__iterator_categoryIPKSt4pairIKNSt7__cxx1112basic_stringIcSt11char_traitsIcESaIcEEEN7bluefin5TokenEEENSt15iterator_traitsIT_E17iterator_categoryERKSE_
FNDA:0,_ZSt19__iterator_categoryIPKSt4pairIKNSt7__cxx1112basic_stringIcSt11char_traitsIcESaIcEEEN7bluefin5TokenEEENSt15iterator_traitsIT_E17iterator_categoryERKSE_
FN:238,_ZSt19__iterator_categoryIPKcENSt15iterator_traitsIT_E17iterator_categoryERKS3_
FNDA:0,_ZSt19__iterator_categoryIPKcENSt15iterator_traitsIT_E17iterator_categoryERKS3_
FN:238,_ZSt19__iterator_categoryIPKSt17reference_wrapperIN7bluefin3ASTEEENSt15iterator_traitsIT_E17iterator_categoryERKS7_
FNDA:18,_ZSt19__iterator_categoryIPKSt17reference_wrapperIN7bluefin3ASTEEENSt15iterator_traitsIT_E17iterator_categoryERKS7_
DA:238,0
DA:239,0
DA:238,0
DA:239,0
DA:238,0
DA:239,0
DA:238,18
DA:239,18
end_of_record
SF:/usr/include/c++/10/bits/char_traits.h
FN:106,_ZN9__gnu_cxx11char_traitsIcE2eqERKcS3_
FNDA:0,_ZN9__gnu_cxx11char_traitsIcE2eqERKcS3_
FN:110,_ZN9__gnu_cxx11char_traitsIcE2ltERKcS3_
FNDA:0,_ZN9__gnu_cxx11char_traitsIcE2ltERKcS3_
FN:154,_ZN9__gnu_cxx11char_traitsIcE7compareEPKcS3_m
FNDA:0,_ZN9__gnu_cxx11char_traitsIcE7compareEPKcS3_m
FN:167,_ZN9__gnu_cxx11char_traitsIcE6lengthEPKc
FNDA:0,_ZN9__gnu_cxx11char_traitsIcE6lengthEPKc
FN:344,_ZNSt11char_traitsIcE7compareEPKcS2_m
FNDA:0,_ZNSt11char_traitsIcE7compareEPKcS2_m
FN:358,_ZNSt11char_traitsIcE6lengthEPKc
FNDA:0,_ZNSt11char_traitsIcE6lengthEPKc
FN:394,_ZNSt11char_traitsIcE4copyEPcPKcm
FNDA:0,_ZNSt11char_traitsIcE4copyEPcPKcm
DA:106,0
DA:107,0
DA:110,0
DA:111,0
DA:154,0
DA:157,0
DA:158,0
DA:159,0
DA:160,0
DA:161,0
DA:162,0
DA:167,0
DA:170,0
DA:171,0
DA:172,0
DA:173,0
DA:262,0
DA:344,0
DA:346,0
DA:347,0
DA:349,0
DA:351,0
DA:352,0
DA:354,0
DA:358,0
DA:361,0
DA:362,0
DA:364,0
DA:394,0
DA:396,0
DA:397,0
DA:402,0
end_of_record
SF:/usr/include/c++/10/bits/functional_hash.h
FN:195,_ZNSt10_Hash_impl4hashEPKvmm
FNDA:0,_ZNSt10_Hash_impl4hashEPKvmm
DA:195,0
DA:197,0
end_of_record
SF:/usr/include/c++/10/bits/move.h
FN:49,_ZSt11__addressofINSt8__detail10_Hash_nodeISt4pairIKNSt7__cxx1112basic_stringIcSt11char_traitsIcESaIcEEEN7bluefin5TokenEELb1EEEEPT_RSE_
FNDA:0,_ZSt11__addressofINSt8__detail10_Hash_nodeISt4pairIKNSt7__cxx1112basic_stringIcSt11char_traitsIcESaIcEEEN7bluefin5TokenEELb1EEEEPT_RSE_
FN:49,_ZSt11__addressofIPNSt8__detail15_Hash_node_baseEEPT_RS3_
FNDA:0,_ZSt11__addressofIPNSt8__detail15_Hash_node_baseEEPT_RS3_
FN:49,_ZSt11__addressofIN7bluefin3ASTEEPT_RS2_
FNDA:51,_ZSt11__addressofIN7bluefin3ASTEEPT_RS2_
FN:49,_ZSt11__addressofISt17reference_wrapperIN7bluefin3ASTEEEPT_RS4_
FNDA:99,_ZSt11__addressofISt17reference_wrapperIN7bluefin3ASTEEEPT_RS4_
FN:76,_ZSt7forwardIRKNSt8__detail18_Mod_range_hashingEEOT_RNSt16remove_referenceIS4_E4typeE
FNDA:0,_ZSt7forwardIRKNSt8__detail18_Mod_range_hashingEEOT_RNSt16remove_referenceIS4_E4typeE
FN:76,_ZSt7forwardIbEOT_RNSt16remove_referenceIS0_E4typeE
FNDA:0,_ZSt7forwardIbEOT_RNSt16remove_referenceIS0_E4typeE
FN:76,_ZSt7forwardIRA4_KcEOT_RNSt16remove_referenceIS3_E4typeE
FNDA:0,_ZSt7forwardIRA4_KcEOT_RNSt16remove_referenceIS3_E4typeE
FN:76,_ZSt7forwardIN7bluefin5TokenEEOT_RNSt16remove_referenceIS2_E4typeE
FNDA:0,_ZSt7forwardIN7bluefin5TokenEEOT_RNSt16remove_referenceIS2_E4typeE
FN:76,_ZSt7forwardIRA7_KcEOT_RNSt16remove_referenceIS3_E4typeE
FNDA:0,_ZSt7forwardIRA7_KcEOT_RNSt16remove_referenceIS3_E4typeE
FN:76,_ZSt7forwardIRN7bluefin3ASTEEOT_RNSt16remove_referenceIS3_E4typeE
FNDA:51,_ZSt7forwardIRN7bluefin3ASTEEOT_RNSt16remove_referenceIS3_E4typeE
FN:76,_ZSt7forwardISt17reference_wrapperIN7bluefin3ASTEEEOT_RNSt16remove_referenceIS4_E4typeE
FNDA:186,_ZSt7forwardISt17reference_wrapperIN7bluefin3ASTEEEOT_RNSt16remove_referenceIS4_E4typeE
FN:76,_ZSt7forwardIRSt4pairIKNSt7__cxx1112basic_stringIcSt11char_traitsIcESaIcEEEN7bluefin5TokenEEEOT_RNSt16remove_referenceISC_E4typeE
FNDA:0,_ZSt7forwardIRSt4pairIKNSt7__cxx1112basic_stringIcSt11char_traitsIcESaIcEEEN7bluefin5TokenEEEOT_RNSt16remove_referenceISC_E4typeE
FN:76,_ZSt7forwardISaINSt8__detail10_Hash_nodeISt4pairIKNSt7__cxx1112basic_stringIcSt11char_traitsIcESaIcEEEN7bluefin5TokenEELb1EEEEEOT_RNSt16remove_referenceISF_E4typeE
FNDA:0,_ZSt7forwardISaINSt8__detail10_Hash_nodeISt4pairIKNSt7__cxx1112basic_stringIcSt11char_traitsIcESaIcEEEN7bluefin5TokenEELb1EEEEEOT_RNSt16remove_referenceISF_E4typeE
FN:76,_ZSt7forwardIRKSt4pairIKNSt7__cxx1112basic_stringIcSt11char_traitsIcESaIcEEEN7bluefin5TokenEEEOT_RNSt16remove_referenceISD_E4typeE
FNDA:0,_ZSt7forwardIRKSt4pairIKNSt7__cxx1112basic_stringIcSt11char_traitsIcESaIcEEEN7bluefin5TokenEEEOT_RNSt16remove_referenceISD_E4typeE
FN:76,_ZSt7forwardIRKSt8equal_toINSt7__cxx1112basic_stringIcSt11char_traitsIcESaIcEEEEEOT_RNSt16remove_referenceISA_E4typeE
FNDA:0,_ZSt7forwardIRKSt8equal_toINSt7__cxx1112basic_stringIcSt11char_traitsIcESaIcEEEEEOT_RNSt16remove_referenceISA_E4typeE
FN:76,_ZSt7forwardINSt8__detail14_Node_iteratorISt4pairIKNSt7__cxx1112basic_stringIcSt11char_traitsIcESaIcEEEN7bluefin5TokenEELb0ELb1EEEEOT_RNSt16remove_referenceISE_E4typeE
FNDA:0,_ZSt7forwardINSt8__detail14_Node_iteratorISt4pairIKNSt7__cxx1112basic_stringIcSt11char_traitsIcESaIcEEEN7bluefin5TokenEELb0ELb1EEEEOT_RNSt16remove_referenceISE_E4typeE
FN:76,_ZSt7forwardIRNSt8__detail14_Node_iteratorISt4pairIKNSt7__cxx1112basic_stringIcSt11char_traitsIcESaIcEEEN7bluefin5TokenEELb0ELb1EEEEOT_RNSt16remove_referenceISF_E4typeE
FNDA:0,_ZSt7forwardIRNSt8__detail14_Node_iteratorISt4pairIKNSt7__cxx1112basic_stringIcSt11char_traitsIcESaIcEEEN7bluefin5TokenEELb0ELb1EEEEOT_RNSt16remove_referenceISF_E4typeE
FN:76,_ZSt7forwardIRKSt17reference_wrapperIN7bluefin3ASTEEEOT_RNSt16remove_referenceIS6_E4typeE
FNDA:18,_ZSt7forwardIRKSt17reference_wrapperIN7bluefin3ASTEEEOT_RNSt16remove_referenceIS6_E4typeE
FN:76,_ZSt7forwardIRKNSt8__detail10_Select1stEEOT_RNSt16remove_referenceIS4_E4typeE
FNDA:0,_ZSt7forwardIRKNSt8__detail10_Select1stEEOT_RNSt16remove_referenceIS4_E4typeE
FN:76,_ZSt7forwardIRKSt4hashINSt7__cxx1112basic_stringIcSt11char_traitsIcESaIcEEEEEOT_RNSt16remove_referenceISA_E4typeE
FNDA:0,_ZSt7forwardIRKSt4hashINSt7__cxx1112basic_stringIcSt11char_traitsIcESaIcEEEEEOT_RNSt16remove_referenceISA_E4typeE
FN:101,_ZSt4moveIRSt17reference_wrapperIN7bluefin3ASTEEEONSt16remove_referenceIT_E4typeEOS6_
FNDA:60,_ZSt4moveIRSt17reference_wrapperIN7bluefin3ASTEEEONSt16remove_referenceIT_E4typeEOS6_
FN:101,_ZSt4moveIRSaIcEEONSt16remove_referenceIT_E4typeEOS3_
FNDA:0,_ZSt4moveIRSaIcEEONSt16remove_referenceIT_E4typeEOS3_
FN:101,_ZSt4moveIRN7bluefin5LexerEEONSt16remove_referenceIT_E4typeEOS4_
FNDA:30,_ZSt4moveIRN7bluefin5LexerEEONSt16remove_referenceIT_E4typeEOS4_
FN:101,_ZSt4moveIRNSt7__cxx1112basic_stringIcSt11char_traitsIcESaIcEEEEONSt16remove_referenceIT_E4typeEOS8_
FNDA:0,_ZSt4moveIRNSt7__cxx1112basic_stringIcSt11char_traitsIcESaIcEEEEONSt16remove_referenceIT_E4typeEOS8_
FN:140,_ZSt9addressofIPNSt8__detail15_Hash_node_baseEEPT_RS3_
FNDA:0,_ZSt9addressofIPNSt8__detail15_Hash_node_baseEEPT_RS3_
FN:140,_ZSt9addressofINSt8__detail10_Hash_nodeISt4pairIKNSt7__cxx1112basic_stringIcSt11char_traitsIcESaIcEEEN7bluefin5TokenEELb1EEEEPT_RSE_
FNDA:0,_ZSt9addressofINSt8__detail10_Hash_nodeISt4pairIKNSt7__cxx1112basic_stringIcSt11char_traitsIcESaIcEEEN7bluefin5TokenEELb1EEEEPT_RSE_
DA:49,0
DA:50,0
DA:49,0
DA:50,0
DA:49,99
DA:50,99
DA:49,51
DA:50,51
DA:76,0
DA:77,0
DA:76,0
DA:77,0
DA:76,0
DA:77,0
DA:76,18
DA:77,18
DA:76,0
DA:77,0
DA:76,0
DA:77,0
DA:76,0
DA:77,0
DA:76,0
DA:77,0
DA:76,0
DA:77,0
DA:76,0
DA:77,0
DA:76,186
DA:77,186
DA:76,51
DA:77,51
DA:76,0
DA:77,0
DA:76,0
DA:77,0
DA:76,0
DA:77,0
DA:76,0
DA:77,0
DA:101,60
DA:102,60
DA:101,0
DA:102,0
DA:101,30
DA:102,30
DA:101,0
DA:102,0
DA:140,0
DA:141,0
DA:140,0
DA:141,0
end_of_record
SF:/usr/include/c++/10/initializer_list
FN:71,_ZNKSt16initializer_listISt4pairIKNSt7__cxx1112basic_stringIcSt11char_traitsIcESaIcEEEN7bluefin5TokenEEE4sizeEv
FNDA:0,_ZNKSt16initializer_listISt4pairIKNSt7__cxx1112basic_stringIcSt11char_traitsIcESaIcEEEN7bluefin5TokenEEE4sizeEv
FN:71,_ZNKSt16initializer_listISt17reference_wrapperIN7bluefin3ASTEEE4sizeEv
FNDA:18,_ZNKSt16initializer_listISt17reference_wrapperIN7bluefin3ASTEEE4sizeEv
FN:75,_ZNKSt16initializer_listISt4pairIKNSt7__cxx1112basic_stringIcSt11char_traitsIcESaIcEEEN7bluefin5TokenEEE5beginEv
FNDA:0,_ZNKSt16initializer_listISt4pairIKNSt7__cxx1112basic_stringIcSt11char_traitsIcESaIcEEEN7bluefin5TokenEEE5beginEv
FN:75,_ZNKSt16initializer_listISt17reference_wrapperIN7bluefin3ASTEEE5beginEv
FNDA:36,_ZNKSt16initializer_listISt17reference_wrapperIN7bluefin3ASTEEE5beginEv
FN:79,_ZNKSt16initializer_listISt4pairIKNSt7__cxx1112basic_stringIcSt11char_traitsIcESaIcEEEN7bluefin5TokenEEE3endEv
FNDA:0,_ZNKSt16initializer_listISt4pairIKNSt7__cxx1112basic_stringIcSt11char_traitsIcESaIcEEEN7bluefin5TokenEEE3endEv
FN:79,_ZNKSt16initializer_listISt17reference_wrapperIN7bluefin3ASTEEE3endEv
FNDA:18,_ZNKSt16initializer_listISt17reference_wrapperIN7bluefin3ASTEEE3endEv
DA:71,0
DA:71,18
DA:75,0
DA:75,36
DA:79,0
DA:79,18
end_of_record
SF:/usr/include/c++/10/bits/allocator.h
FN:144,_ZNSaISt17reference_wrapperIN7bluefin3ASTEEEC2Ev
FNDA:54,_ZNSaISt17reference_wrapperIN7bluefin3ASTEEEC2Ev
FN:144,_ZNSaISt4pairIKNSt7__cxx1112basic_stringIcSt11char_traitsIcESaIcEEEN7bluefin5TokenEEEC2Ev
FNDA:0,_ZNSaISt4pairIKNSt7__cxx1112basic_stringIcSt11char_traitsIcESaIcEEEN7bluefin5TokenEEEC2Ev
FN:147,_ZNSaISt17reference_wrapperIN7bluefin3ASTEEEC2ERKS3_
FNDA:36,_ZNSaISt17reference_wrapperIN7bluefin3ASTEEEC2ERKS3_
FN:147,_ZNSaINSt8__detail10_Hash_nodeISt4pairIKNSt7__cxx1112basic_stringIcSt11char_traitsIcESaIcEEEN7bluefin5TokenEELb1EEEEC2ERKSD_
FNDA:0,_ZNSaINSt8__detail10_Hash_nodeISt4pairIKNSt7__cxx1112basic_stringIcSt11char_traitsIcESaIcEEEN7bluefin5TokenEELb1EEEEC2ERKSD_
FN:157,_ZNSaIPNSt8__detail15_Hash_node_baseEEC2INS_10_Hash_nodeISt4pairIKNSt7__cxx1112basic_stringIcSt11char_traitsIcESaIcEEEN7bluefin5TokenEELb1EEEEERKSaIT_E
FNDA:0,_ZNSaIPNSt8__detail15_Hash_node_baseEEC2INS_10_Hash_nodeISt4pairIKNSt7__cxx1112basic_stringIcSt11char_traitsIcESaIcEEEN7bluefin5TokenEELb1EEEEERKSaIT_E
FN:157,_ZNSaINSt8__detail10_Hash_nodeISt4pairIKNSt7__cxx1112basic_stringIcSt11char_traitsIcESaIcEEEN7bluefin5TokenEELb1EEEEC2ISB_EERKSaIT_E
FNDA:0,_ZNSaINSt8__detail10_Hash_nodeISt4pairIKNSt7__cxx1112basic_stringIcSt11char_traitsIcESaIcEEEN7bluefin5TokenEELb1EEEEC2ISB_EERKSaIT_E
FN:162,_ZNSaIPNSt8__detail15_Hash_node_baseEED2Ev
FNDA:0,_ZNSaIPNSt8__detail15_Hash_node_baseEED2Ev
FN:162,_ZNSaINSt8__detail10_Hash_nodeISt4pairIKNSt7__cxx1112basic_stringIcSt11char_traitsIcESaIcEEEN7bluefin5TokenEELb1EEEED2Ev
FNDA:0,_ZNSaINSt8__detail10_Hash_nodeISt4pairIKNSt7__cxx1112basic_stringIcSt11char_traitsIcESaIcEEEN7bluefin5TokenEELb1EEEED2Ev
FN:162,_ZNSaISt17reference_wrapperIN7bluefin3ASTEEED2Ev
FNDA:54,_ZNSaISt17reference_wrapperIN7bluefin3ASTEEED2Ev
FN:162,_ZNSaISt4pairIKNSt7__cxx1112basic_stringIcSt11char_traitsIcESaIcEEEN7bluefin5TokenEEED2Ev
FNDA:0,_ZNSaISt4pairIKNSt7__cxx1112basic_stringIcSt11char_traitsIcESaIcEEEN7bluefin5TokenEEED2Ev
DA:144,54
DA:144,0
DA:147,36
DA:148,36
DA:147,0
DA:148,0
DA:157,0
DA:157,0
DA:162,0
DA:162,0
DA:162,54
DA:162,0
end_of_record
SF:/usr/src/bluefin/include/ast.hpp
end_of_record
SF:/usr/include/c++/10/bits/stl_iterator_base_funcs.h
FN:98,_ZSt10__distanceIPKSt4pairIKNSt7__cxx1112basic_stringIcSt11char_traitsIcESaIcEEEN7bluefin5TokenEEENSt15iterator_traitsIT_E15difference_typeESE_SE_St26random_access_iterator_tag
FNDA:0,_ZSt10__distanceIPKSt4pairIKNSt7__cxx1112basic_stringIcSt11char_traitsIcESaIcEEEN7bluefin5TokenEEENSt15iterator_traitsIT_E15difference_typeESE_SE_St26random_access_iterator_tag
FN:98,_ZSt10__distanceIPcENSt15iterator_traitsIT_E15difference_typeES2_S2_St26random_access_iterator_tag
FNDA:0,_ZSt10__distanceIPcENSt15iterator_traitsIT_E15difference_typeES2_S2_St26random_access_iterator_tag
FN:98,_ZSt10__distanceIPKcENSt15iterator_traitsIT_E15difference_typeES3_S3_St26random_access_iterator_tag
FNDA:0,_ZSt10__distanceIPKcENSt15iterator_traitsIT_E15difference_typeES3_S3_St26random_access_iterator_tag
FN:98,_ZSt10__distanceIPKSt17reference_wrapperIN7bluefin3ASTEEENSt15iterator_traitsIT_E15difference_typeES7_S7_St26random_access_iterator_tag
FNDA:18,_ZSt10__distanceIPKSt17reference_wrapperIN7bluefin3ASTEEENSt15iterator_traitsIT_E15difference_typeES7_S7_St26random_access_iterator_tag
FN:138,_ZSt8distanceIPKSt4pairIKNSt7__cxx1112basic_stringIcSt11char_traitsIcESaIcEEEN7bluefin5TokenEEENSt15iterator_traitsIT_E15difference_typeESE_SE_
FNDA:0,_ZSt8distanceIPKSt4pairIKNSt7__cxx1112basic_stringIcSt11char_traitsIcESaIcEEEN7bluefin5TokenEEENSt15iterator_traitsIT_E15difference_typeESE_SE_
FN:138,_ZSt8distanceIPcENSt15iterator_traitsIT_E15difference_typeES2_S2_
FNDA:0,_ZSt8distanceIPcENSt15iterator_traitsIT_E15difference_typeES2_S2_
FN:138,_ZSt8distanceIPKcENSt15iterator_traitsIT_E15difference_typeES3_S3_
FNDA:0,_ZSt8distanceIPKcENSt15iterator_traitsIT_E15difference_typeES3_S3_
FN:138,_ZSt8distanceIPKSt17reference_wrapperIN7bluefin3ASTEEENSt15iterator_traitsIT_E15difference_typeES7_S7_
FNDA:18,_ZSt8distanceIPKSt17reference_wrapperIN7bluefin3ASTEEENSt15iterator_traitsIT_E15difference_typeES7_S7_
DA:98,0
DA:104,0
DA:98,0
DA:104,0
DA:98,0
DA:104,0
DA:98,18
DA:104,18
DA:138,0
DA:141,0
DA:142,0
DA:138,0
DA:141,0
DA:142,0
DA:138,0
DA:141,0
DA:142,0
DA:138,18
DA:141,18
DA:142,36
end_of_record
SF:/usr/include/c++/10/bits/refwrap.h
FN:304,_ZNSt17reference_wrapperIN7bluefin3ASTEE6_S_funERS1_
FNDA:51,_ZNSt17reference_wrapperIN7bluefin3ASTEE6_S_funERS1_
FN:321,_ZNSt17reference_wrapperIN7bluefin3ASTEEC2IRS1_vPS1_EEOT_
FNDA:51,_ZNSt17reference_wrapperIN7bluefin3ASTEEC2IRS1_vPS1_EEOT_
FN:332,_ZNKSt17reference_wrapperIN7bluefin3ASTEEcvRS1_Ev
FNDA:0,_ZNKSt17reference_wrapperIN7bluefin3ASTEEcvRS1_Ev
FN:337,_ZNKSt17reference_wrapperIN7bluefin3ASTEE3getEv
FNDA:0,_ZNKSt17reference_wrapperIN7bluefin3ASTEE3getEv
DA:304,51
DA:321,51
DA:323,51
DA:324,51
DA:332,0
DA:333,0
DA:337,0
DA:338,0
end_of_record
